<?xml version="1.0" encoding="utf-8"?>
<CoverageSession xmlns:xsd="http://www.w3.org/2001/XMLSchema" xmlns:xsi="http://www.w3.org/2001/XMLSchema-instance">
  <Summary numSequencePoints="109" visitedSequencePoints="40" numBranchPoints="71" visitedBranchPoints="25" sequenceCoverage="36.70" branchCoverage="35.21" maxCyclomaticComplexity="7" minCyclomaticComplexity="1" visitedClasses="8" numClasses="18" visitedMethods="23" numMethods="53" />
  <Modules>
    <Module skippedDueTo="Filter" hash="B2-E7-C6-75-5A-8F-45-0B-CA-A7-A6-86-F2-5E-94-26-D2-45-2F-3F">
      <ModulePath>C:\Program Files\dotnet\shared\Microsoft.NETCore.App\2.1.0\System.Private.CoreLib.dll</ModulePath>
      <ModuleTime>2018-05-15T13:03:40Z</ModuleTime>
      <ModuleName>System.Private.CoreLib</ModuleName>
      <Files />
      <Classes />
    </Module>
    <Module skippedDueTo="Filter" hash="2B-FA-51-67-24-04-EA-9E-F0-4F-31-BC-83-93-95-5A-B6-73-00-98">
      <ModulePath>C:\Program Files\dotnet\sdk\2.1.300\dotnet.dll</ModulePath>
      <ModuleTime>2018-05-22T14:56:18Z</ModuleTime>
      <ModuleName>dotnet</ModuleName>
      <Files />
      <Classes />
    </Module>
    <Module skippedDueTo="Filter" hash="9F-39-BF-B3-E6-CA-45-5F-FF-EC-C9-17-D3-19-65-B0-6E-2F-17-4E">
      <ModulePath>C:\Program Files\dotnet\shared\Microsoft.NETCore.App\2.1.0\System.Runtime.dll</ModulePath>
      <ModuleTime>2018-05-15T13:03:38Z</ModuleTime>
      <ModuleName>System.Runtime</ModuleName>
      <Files />
      <Classes />
    </Module>
    <Module skippedDueTo="Filter" hash="10-D9-5E-5F-C1-30-6D-DC-D5-57-8D-8E-D0-DC-07-D7-C0-91-30-27">
      <ModulePath>C:\Program Files\dotnet\sdk\2.1.300\Microsoft.DotNet.Cli.Utils.dll</ModulePath>
      <ModuleTime>2018-05-22T15:00:08Z</ModuleTime>
      <ModuleName>Microsoft.DotNet.Cli.Utils</ModuleName>
      <Files />
      <Classes />
    </Module>
    <Module skippedDueTo="Filter" hash="CE-9A-28-50-C8-7A-CB-EA-AB-DB-66-61-78-38-6D-69-39-93-C5-40">
      <ModulePath>C:\Program Files\dotnet\shared\Microsoft.NETCore.App\2.1.0\netstandard.dll</ModulePath>
      <ModuleTime>2018-05-15T13:03:40Z</ModuleTime>
      <ModuleName>netstandard</ModuleName>
      <Files />
      <Classes />
    </Module>
    <Module skippedDueTo="Filter" hash="8D-7A-CE-FA-10-05-D7-6F-3C-AC-3E-F0-BA-01-AD-CE-0B-22-99-8B">
      <ModulePath>C:\Program Files\dotnet\shared\Microsoft.NETCore.App\2.1.0\System.Runtime.Extensions.dll</ModulePath>
      <ModuleTime>2018-05-15T13:03:38Z</ModuleTime>
      <ModuleName>System.Runtime.Extensions</ModuleName>
      <Files />
      <Classes />
    </Module>
    <Module skippedDueTo="Filter" hash="40-85-75-1E-6D-24-67-1C-AF-4E-3B-D9-80-9C-3F-AB-6D-60-D4-C0">
      <ModulePath>C:\Program Files\dotnet\shared\Microsoft.NETCore.App\2.1.0\System.Runtime.Loader.dll</ModulePath>
      <ModuleTime>2018-05-15T13:03:38Z</ModuleTime>
      <ModuleName>System.Runtime.Loader</ModuleName>
      <Files />
      <Classes />
    </Module>
    <Module skippedDueTo="Filter" hash="25-FE-65-CF-8D-DE-90-81-68-78-51-35-16-D5-62-62-94-42-F1-2D">
      <ModulePath>C:\Program Files\dotnet\sdk\2.1.300\Microsoft.DotNet.PlatformAbstractions.dll</ModulePath>
      <ModuleTime>2018-05-22T15:00:08Z</ModuleTime>
      <ModuleName>Microsoft.DotNet.PlatformAbstractions</ModuleName>
      <Files />
      <Classes />
    </Module>
    <Module skippedDueTo="Filter" hash="BD-CE-88-18-22-8A-25-85-EF-42-FE-24-18-B9-4F-9D-F6-47-F0-A9">
      <ModulePath>C:\Program Files\dotnet\shared\Microsoft.NETCore.App\2.1.0\System.Runtime.InteropServices.RuntimeInformation.dll</ModulePath>
      <ModuleTime>2018-05-15T13:03:38Z</ModuleTime>
      <ModuleName>System.Runtime.InteropServices.RuntimeInformation</ModuleName>
      <Files />
      <Classes />
    </Module>
    <Module skippedDueTo="Filter" hash="7C-48-0B-B8-42-17-41-57-6D-4B-89-E5-56-89-D0-D0-8F-11-92-5B">
      <ModulePath>C:\Program Files\dotnet\shared\Microsoft.NETCore.App\2.1.0\System.Runtime.InteropServices.dll</ModulePath>
      <ModuleTime>2018-05-15T13:03:38Z</ModuleTime>
      <ModuleName>System.Runtime.InteropServices</ModuleName>
      <Files />
      <Classes />
    </Module>
    <Module skippedDueTo="Filter" hash="DC-82-33-86-1B-03-21-60-3C-01-E1-E1-DD-56-79-12-7A-1D-2E-21">
      <ModulePath>C:\Program Files\dotnet\shared\Microsoft.NETCore.App\2.1.0\System.Threading.dll</ModulePath>
      <ModuleTime>2018-05-15T13:03:38Z</ModuleTime>
      <ModuleName>System.Threading</ModuleName>
      <Files />
      <Classes />
    </Module>
    <Module skippedDueTo="Filter" hash="25-50-01-7A-06-31-FD-01-25-66-B3-FF-54-A1-13-10-BF-28-EA-43">
      <ModulePath>C:\Program Files\dotnet\shared\Microsoft.NETCore.App\2.1.0\System.IO.FileSystem.dll</ModulePath>
      <ModuleTime>2018-05-15T13:03:34Z</ModuleTime>
      <ModuleName>System.IO.FileSystem</ModuleName>
      <Files />
      <Classes />
    </Module>
    <Module skippedDueTo="Filter" hash="66-45-6C-B8-6E-33-46-CE-D5-9F-71-FB-DC-B0-1E-2B-68-D1-4A-7D">
      <ModulePath>C:\Program Files\dotnet\sdk\2.1.300\runtimes\win\lib\netcoreapp2.0\System.Text.Encoding.CodePages.dll</ModulePath>
      <ModuleTime>2018-05-22T14:56:18Z</ModuleTime>
      <ModuleName>System.Text.Encoding.CodePages</ModuleName>
      <Files />
      <Classes />
    </Module>
    <Module skippedDueTo="Filter" hash="24-71-BF-19-D6-43-AE-96-67-A7-D6-7A-23-51-8F-EA-D9-BB-9E-0B">
      <ModulePath>C:\Program Files\dotnet\shared\Microsoft.NETCore.App\2.1.0\System.Collections.dll</ModulePath>
      <ModuleTime>2018-05-15T13:03:34Z</ModuleTime>
      <ModuleName>System.Collections</ModuleName>
      <Files />
      <Classes />
    </Module>
    <Module skippedDueTo="Filter" hash="9E-5F-AD-60-04-57-6F-40-C1-C3-F9-E2-BC-8E-5E-64-5E-61-98-48">
      <ModulePath>C:\Program Files\dotnet\shared\Microsoft.NETCore.App\2.1.0\System.Collections.Concurrent.dll</ModulePath>
      <ModuleTime>2018-05-15T13:03:34Z</ModuleTime>
      <ModuleName>System.Collections.Concurrent</ModuleName>
      <Files />
      <Classes />
    </Module>
    <Module skippedDueTo="Filter" hash="D0-AD-42-F2-E9-D2-D4-94-0D-63-8C-61-4E-52-4F-0D-DA-1A-CD-6F">
      <ModulePath>C:\Program Files\dotnet\shared\Microsoft.NETCore.App\2.1.0\System.Threading.Thread.dll</ModulePath>
      <ModuleTime>2018-05-15T13:03:38Z</ModuleTime>
      <ModuleName>System.Threading.Thread</ModuleName>
      <Files />
      <Classes />
    </Module>
    <Module skippedDueTo="Filter" hash="43-AC-B9-A0-7E-21-D1-DB-A8-42-3B-84-83-FD-34-8D-97-77-3A-87">
      <ModulePath>C:\Program Files\dotnet\sdk\2.1.300\Microsoft.DotNet.Configurer.dll</ModulePath>
      <ModuleTime>2018-05-22T15:00:08Z</ModuleTime>
      <ModuleName>Microsoft.DotNet.Configurer</ModuleName>
      <Files />
      <Classes />
    </Module>
    <Module skippedDueTo="Filter" hash="98-6B-2F-2D-04-DB-0A-94-C1-B7-FA-63-EF-04-60-1A-1E-61-B4-43">
      <ModulePath>C:\Program Files\dotnet\sdk\2.1.300\Microsoft.DotNet.Cli.CommandLine.dll</ModulePath>
      <ModuleTime>2018-05-22T15:00:08Z</ModuleTime>
      <ModuleName>Microsoft.DotNet.Cli.CommandLine</ModuleName>
      <Files />
      <Classes />
    </Module>
    <Module skippedDueTo="Filter" hash="75-89-4A-9A-A6-FC-DB-A1-DD-35-84-48-C9-3B-21-8A-92-4A-92-5F">
      <ModulePath>C:\Program Files\dotnet\shared\Microsoft.NETCore.App\2.1.0\System.Diagnostics.Process.dll</ModulePath>
      <ModuleTime>2018-05-15T13:03:34Z</ModuleTime>
      <ModuleName>System.Diagnostics.Process</ModuleName>
      <Files />
      <Classes />
    </Module>
    <Module skippedDueTo="Filter" hash="5D-42-85-92-97-CA-1E-FF-47-73-15-41-50-01-36-CD-4A-CD-55-6C">
      <ModulePath>C:\Program Files\dotnet\sdk\2.1.300\Microsoft.DotNet.InternalAbstractions.dll</ModulePath>
      <ModuleTime>2018-05-22T15:00:08Z</ModuleTime>
      <ModuleName>Microsoft.DotNet.InternalAbstractions</ModuleName>
      <Files />
      <Classes />
    </Module>
    <Module skippedDueTo="Filter" hash="9F-99-A9-A6-DD-81-FE-32-D3-9F-D2-E3-AD-B9-5F-98-E3-C3-D3-BD">
      <ModulePath>C:\Program Files\dotnet\shared\Microsoft.NETCore.App\2.1.0\System.Linq.dll</ModulePath>
      <ModuleTime>2018-05-15T13:03:36Z</ModuleTime>
      <ModuleName>System.Linq</ModuleName>
      <Files />
      <Classes />
    </Module>
    <Module skippedDueTo="Filter" hash="D2-56-A4-DE-8B-E4-74-DB-2A-9D-96-42-3C-8E-47-75-8A-85-8F-DA">
      <ModulePath>C:\Program Files\dotnet\sdk\2.1.300\NuGet.Frameworks.dll</ModulePath>
      <ModuleTime>2018-05-22T15:03:40Z</ModuleTime>
      <ModuleName>NuGet.Frameworks</ModuleName>
      <Files />
      <Classes />
    </Module>
    <Module skippedDueTo="Filter" hash="FB-2A-22-7D-6B-48-6C-07-93-20-FE-9E-D2-85-0C-2E-DA-B6-18-C7">
      <ModulePath>C:\Program Files\dotnet\shared\Microsoft.NETCore.App\2.1.0\System.Console.dll</ModulePath>
      <ModuleTime>2018-05-15T13:03:34Z</ModuleTime>
      <ModuleName>System.Console</ModuleName>
      <Files />
      <Classes />
    </Module>
    <Module skippedDueTo="Filter" hash="3C-1A-D1-7D-BD-42-C9-7D-FE-CD-90-2F-00-88-4C-15-52-1E-4E-0F">
      <ModulePath>C:\Program Files\dotnet\shared\Microsoft.NETCore.App\2.1.0\System.IO.FileSystem.Primitives.dll</ModulePath>
      <ModuleTime>2018-05-15T13:03:34Z</ModuleTime>
      <ModuleName>System.IO.FileSystem.Primitives</ModuleName>
      <Files />
      <Classes />
    </Module>
    <Module skippedDueTo="Filter" hash="AE-68-82-F2-C5-D2-6B-96-09-C2-97-18-05-09-35-66-CE-14-B6-EC">
      <ModulePath>C:\Program Files\dotnet\shared\Microsoft.NETCore.App\2.1.0\System.AppContext.dll</ModulePath>
      <ModuleTime>2018-05-15T13:03:32Z</ModuleTime>
      <ModuleName>System.AppContext</ModuleName>
      <Files />
      <Classes />
    </Module>
    <Module skippedDueTo="Filter" hash="99-33-4D-CD-87-78-88-0E-F6-12-EF-CA-31-D9-97-F4-A8-D8-3D-E1">
      <ModulePath>C:\Program Files\dotnet\shared\Microsoft.NETCore.App\2.1.0\System.Memory.dll</ModulePath>
      <ModuleTime>2018-05-15T13:03:36Z</ModuleTime>
      <ModuleName>System.Memory</ModuleName>
      <Files />
      <Classes />
    </Module>
    <Module skippedDueTo="Filter" hash="93-AD-CD-25-C3-0E-A0-A6-7A-07-9E-D5-7A-CB-BF-3D-90-A1-F9-C5">
      <ModulePath>C:\Program Files\dotnet\shared\Microsoft.NETCore.App\2.1.0\System.IO.dll</ModulePath>
      <ModuleTime>2018-05-15T13:03:36Z</ModuleTime>
      <ModuleName>System.IO</ModuleName>
      <Files />
      <Classes />
    </Module>
    <Module skippedDueTo="Filter" hash="4B-C9-61-40-58-3E-0C-63-D9-7B-DD-60-9F-00-0F-85-73-7E-F7-06">
      <ModulePath>C:\Program Files\dotnet\shared\Microsoft.NETCore.App\2.1.0\System.Text.Encoding.Extensions.dll</ModulePath>
      <ModuleTime>2018-05-15T13:03:38Z</ModuleTime>
      <ModuleName>System.Text.Encoding.Extensions</ModuleName>
      <Files />
      <Classes />
    </Module>
    <Module skippedDueTo="Filter" hash="0D-0F-7D-34-CA-A6-65-47-7B-9A-11-AC-9B-85-8D-E3-52-ED-44-21">
      <ModulePath>C:\Program Files\dotnet\sdk\2.1.300\Microsoft.ApplicationInsights.dll</ModulePath>
      <ModuleTime>2018-05-22T15:00:08Z</ModuleTime>
      <ModuleName>Microsoft.ApplicationInsights</ModuleName>
      <Files />
      <Classes />
    </Module>
    <Module skippedDueTo="Filter" hash="99-CC-76-16-41-8D-C7-16-82-C9-39-01-13-46-6B-62-39-B8-7E-32">
      <ModulePath>C:\Program Files\dotnet\shared\Microsoft.NETCore.App\2.1.0\System.Reflection.Extensions.dll</ModulePath>
      <ModuleTime>2018-05-15T13:03:38Z</ModuleTime>
      <ModuleName>System.Reflection.Extensions</ModuleName>
      <Files />
      <Classes />
    </Module>
    <Module skippedDueTo="Filter" hash="1E-3D-7F-D9-96-A2-6B-1F-8A-00-47-08-B1-B4-3D-4B-FC-82-C0-E0">
      <ModulePath>C:\Program Files\dotnet\shared\Microsoft.NETCore.App\2.1.0\System.Reflection.dll</ModulePath>
      <ModuleTime>2018-05-15T13:03:38Z</ModuleTime>
      <ModuleName>System.Reflection</ModuleName>
      <Files />
      <Classes />
    </Module>
    <Module skippedDueTo="Filter" hash="7B-69-F4-1E-A3-58-9E-D6-28-EB-77-F1-9D-13-F7-D8-20-E7-06-CC">
      <ModulePath>C:\Program Files\dotnet\shared\Microsoft.NETCore.App\2.1.0\System.Xml.XDocument.dll</ModulePath>
      <ModuleTime>2018-05-15T13:03:38Z</ModuleTime>
      <ModuleName>System.Xml.XDocument</ModuleName>
      <Files />
      <Classes />
    </Module>
    <Module skippedDueTo="Filter" hash="21-08-D5-0F-67-C7-B3-A5-F0-0B-F9-E9-57-C9-65-4E-BD-60-05-42">
      <ModulePath>C:\Program Files\dotnet\shared\Microsoft.NETCore.App\2.1.0\System.Private.Xml.Linq.dll</ModulePath>
      <ModuleTime>2018-05-15T13:03:36Z</ModuleTime>
      <ModuleName>System.Private.Xml.Linq</ModuleName>
      <Files />
      <Classes />
    </Module>
    <Module skippedDueTo="Filter" hash="6C-10-44-7E-EF-B7-6F-EF-94-1C-16-FA-4B-F1-3F-1A-2E-B7-36-36">
      <ModulePath>C:\Program Files\dotnet\shared\Microsoft.NETCore.App\2.1.0\System.Security.Cryptography.Algorithms.dll</ModulePath>
      <ModuleTime>2018-05-15T13:03:38Z</ModuleTime>
      <ModuleName>System.Security.Cryptography.Algorithms</ModuleName>
      <Files />
      <Classes />
    </Module>
    <Module skippedDueTo="Filter" hash="96-1F-A5-9A-60-99-81-FC-8E-F0-9A-6E-0B-B0-7C-FD-63-B6-C5-CD">
      <ModulePath>C:\Program Files\dotnet\shared\Microsoft.NETCore.App\2.1.0\System.Security.Cryptography.Primitives.dll</ModulePath>
      <ModuleTime>2018-05-15T13:03:38Z</ModuleTime>
      <ModuleName>System.Security.Cryptography.Primitives</ModuleName>
      <Files />
      <Classes />
    </Module>
    <Module skippedDueTo="Filter" hash="59-22-E0-A2-F3-0C-E7-ED-94-CC-53-3D-C8-3A-1A-1E-27-CB-A9-37">
      <ModulePath>C:\Program Files\dotnet\shared\Microsoft.NETCore.App\2.1.0\System.Private.Xml.dll</ModulePath>
      <ModuleTime>2018-05-15T13:03:36Z</ModuleTime>
      <ModuleName>System.Private.Xml</ModuleName>
      <Files />
      <Classes />
    </Module>
    <Module skippedDueTo="Filter" hash="A7-E9-86-00-CF-78-E5-77-89-9A-59-FD-9F-AE-61-2D-6A-36-CF-91">
      <ModulePath>C:\Program Files\dotnet\shared\Microsoft.NETCore.App\2.1.0\System.Text.RegularExpressions.dll</ModulePath>
      <ModuleTime>2018-05-15T13:03:38Z</ModuleTime>
      <ModuleName>System.Text.RegularExpressions</ModuleName>
      <Files />
      <Classes />
    </Module>
    <Module skippedDueTo="Filter" hash="5E-40-03-20-BE-51-A5-B8-5B-25-4F-F1-25-17-FA-A8-F7-D6-1D-75">
      <ModulePath>C:\Program Files\dotnet\shared\Microsoft.NETCore.App\2.1.0\System.Xml.ReaderWriter.dll</ModulePath>
      <ModuleTime>2018-05-15T13:03:38Z</ModuleTime>
      <ModuleName>System.Xml.ReaderWriter</ModuleName>
      <Files />
      <Classes />
    </Module>
    <Module skippedDueTo="Filter" hash="D8-1F-91-FC-FE-F3-18-9C-C0-64-98-06-CA-A4-4A-14-A8-D4-E1-A1">
      <ModulePath>C:\Program Files\dotnet\shared\Microsoft.NETCore.App\2.1.0\System.Diagnostics.Tracing.dll</ModulePath>
      <ModuleTime>2018-05-15T13:03:34Z</ModuleTime>
      <ModuleName>System.Diagnostics.Tracing</ModuleName>
      <Files />
      <Classes />
    </Module>
    <Module skippedDueTo="Filter" hash="9D-16-07-1F-E6-AE-43-F8-08-7D-77-2C-41-30-DA-C0-55-6C-5D-B8">
      <ModulePath>C:\Program Files\dotnet\shared\Microsoft.NETCore.App\2.1.0\System.Private.Uri.dll</ModulePath>
      <ModuleTime>2018-05-15T13:03:36Z</ModuleTime>
      <ModuleName>System.Private.Uri</ModuleName>
      <Files />
      <Classes />
    </Module>
    <Module skippedDueTo="Filter" hash="4F-1F-3B-7B-DB-07-CF-E1-A3-99-93-8D-8C-97-A1-6A-0C-41-8E-E9">
      <ModulePath>C:\Program Files\dotnet\shared\Microsoft.NETCore.App\2.1.0\System.Threading.Tasks.dll</ModulePath>
      <ModuleTime>2018-05-15T13:03:38Z</ModuleTime>
      <ModuleName>System.Threading.Tasks</ModuleName>
      <Files />
      <Classes />
    </Module>
    <Module skippedDueTo="Filter" hash="42-A9-56-1E-D9-D8-E5-61-4B-B5-2A-4C-CA-8E-A6-DE-FB-9F-B4-71">
      <ModulePath>C:\Program Files\dotnet\shared\Microsoft.NETCore.App\2.1.0\System.Globalization.dll</ModulePath>
      <ModuleTime>2018-05-15T13:03:34Z</ModuleTime>
      <ModuleName>System.Globalization</ModuleName>
      <Files />
      <Classes />
    </Module>
    <Module skippedDueTo="Filter" hash="0A-4E-6E-9A-77-64-F6-77-BF-DB-19-83-60-08-67-E6-59-D4-B5-89">
      <ModulePath>C:\Program Files\dotnet\shared\Microsoft.NETCore.App\2.1.0\System.Buffers.dll</ModulePath>
      <ModuleTime>2018-05-15T13:03:34Z</ModuleTime>
      <ModuleName>System.Buffers</ModuleName>
      <Files />
      <Classes />
    </Module>
    <Module skippedDueTo="Filter" hash="BB-70-F4-68-DD-92-B3-F6-FB-00-D6-D4-4C-56-CB-EF-A3-91-1B-0D">
      <ModulePath>C:\Program Files\dotnet\shared\Microsoft.NETCore.App\2.1.0\System.Reflection.Emit.ILGeneration.dll</ModulePath>
      <ModuleTime>2018-05-15T13:03:38Z</ModuleTime>
      <ModuleName>System.Reflection.Emit.ILGeneration</ModuleName>
      <Files />
      <Classes />
    </Module>
    <Module skippedDueTo="Filter" hash="38-CE-AE-5A-FB-25-CF-0E-7C-94-96-84-5F-7C-AD-3A-56-F4-A2-A4">
      <ModulePath>C:\Program Files\dotnet\shared\Microsoft.NETCore.App\2.1.0\System.Reflection.Emit.Lightweight.dll</ModulePath>
      <ModuleTime>2018-05-15T13:03:38Z</ModuleTime>
      <ModuleName>System.Reflection.Emit.Lightweight</ModuleName>
      <Files />
      <Classes />
    </Module>
    <Module skippedDueTo="Filter" hash="CC-EB-DD-C7-0A-85-19-06-8D-84-86-4E-4E-44-CF-17-AF-4A-84-68">
      <ModulePath>C:\Program Files\dotnet\shared\Microsoft.NETCore.App\2.1.0\System.Reflection.Primitives.dll</ModulePath>
      <ModuleTime>2018-05-15T13:03:38Z</ModuleTime>
      <ModuleName>System.Reflection.Primitives</ModuleName>
      <Files />
      <Classes />
    </Module>
    <Module skippedDueTo="Filter" hash="B1-14-2E-2B-2D-74-A8-39-95-C9-CD-C4-2D-7C-86-6D-97-7E-30-39">
      <ModulePath>C:\Program Files\dotnet\shared\Microsoft.NETCore.App\2.1.0\System.Resources.ResourceManager.dll</ModulePath>
      <ModuleTime>2018-05-15T13:03:38Z</ModuleTime>
      <ModuleName>System.Resources.ResourceManager</ModuleName>
      <Files />
      <Classes />
    </Module>
    <Module skippedDueTo="Filter" hash="20-B2-59-8F-C7-14-4E-F0-13-BD-7E-A3-10-08-23-76-28-0E-DB-8D">
      <ModulePath>C:\Program Files\dotnet\shared\Microsoft.NETCore.App\2.1.0\Microsoft.Win32.Registry.dll</ModulePath>
      <ModuleTime>2018-05-15T13:03:32Z</ModuleTime>
      <ModuleName>Microsoft.Win32.Registry</ModuleName>
      <Files />
      <Classes />
    </Module>
    <Module skippedDueTo="Filter" hash="CB-39-E5-B1-B4-D2-03-F7-BD-8B-F2-1B-FF-A9-EA-6F-4B-61-93-6D">
      <ModulePath>C:\Program Files\dotnet\shared\Microsoft.NETCore.App\2.1.0\System.Diagnostics.Tools.dll</ModulePath>
      <ModuleTime>2018-05-15T13:03:34Z</ModuleTime>
      <ModuleName>System.Diagnostics.Tools</ModuleName>
      <Files />
      <Classes />
    </Module>
    <Module skippedDueTo="Filter" hash="20-62-97-87-EA-D6-D2-70-FB-5A-D2-29-1E-B7-32-2D-E1-23-80-FA">
      <ModulePath>C:\Program Files\dotnet\shared\Microsoft.NETCore.App\2.1.0\System.Diagnostics.Debug.dll</ModulePath>
      <ModuleTime>2018-05-15T13:03:34Z</ModuleTime>
      <ModuleName>System.Diagnostics.Debug</ModuleName>
      <Files />
      <Classes />
    </Module>
    <Module skippedDueTo="Filter" hash="6D-9D-C3-30-B6-80-47-63-E9-F9-98-B3-86-27-D0-F5-80-75-FE-62">
      <ModulePath>C:\Program Files\dotnet\shared\Microsoft.NETCore.App\2.1.0\System.Text.Encoding.dll</ModulePath>
      <ModuleTime>2018-05-15T13:03:38Z</ModuleTime>
      <ModuleName>System.Text.Encoding</ModuleName>
      <Files />
      <Classes />
    </Module>
    <Module skippedDueTo="Filter" hash="66-3E-96-27-78-BC-78-E5-7A-31-7D-F8-36-DC-98-0F-1D-42-CC-49">
      <ModulePath>C:\Program Files\dotnet\shared\Microsoft.NETCore.App\2.1.0\System.IO.Compression.dll</ModulePath>
      <ModuleTime>2018-05-15T13:03:34Z</ModuleTime>
      <ModuleName>System.IO.Compression</ModuleName>
      <Files />
      <Classes />
    </Module>
    <Module skippedDueTo="Filter" hash="66-30-70-85-91-ED-55-B3-0B-E6-B9-A6-64-9D-CC-CC-94-0A-EE-C8">
      <ModulePath>C:\Program Files\dotnet\shared\Microsoft.NETCore.App\2.1.0\System.Net.Http.dll</ModulePath>
      <ModuleTime>2018-05-15T13:03:36Z</ModuleTime>
      <ModuleName>System.Net.Http</ModuleName>
      <Files />
      <Classes />
    </Module>
    <Module skippedDueTo="Filter" hash="41-4A-9A-A2-E1-F8-6E-7D-B4-28-4D-C5-7A-5F-EF-78-9E-E6-46-F4">
      <ModulePath>C:\Program Files\dotnet\sdk\2.1.300\Microsoft.Build.Framework.dll</ModulePath>
      <ModuleTime>2018-05-22T15:00:08Z</ModuleTime>
      <ModuleName>Microsoft.Build.Framework</ModuleName>
      <Files />
      <Classes />
    </Module>
    <Module skippedDueTo="Filter" hash="B1-C8-79-68-C3-E4-96-D6-C7-EB-75-26-AC-CE-24-90-57-2E-90-BA">
      <ModulePath>C:\Program Files\dotnet\shared\Microsoft.NETCore.App\2.1.0\System.Net.Primitives.dll</ModulePath>
      <ModuleTime>2018-05-15T13:03:36Z</ModuleTime>
      <ModuleName>System.Net.Primitives</ModuleName>
      <Files />
      <Classes />
    </Module>
    <Module skippedDueTo="Filter" hash="CB-26-D8-B4-F5-C0-85-70-AA-9F-52-97-F5-68-EC-32-9B-2D-73-B3">
      <ModulePath>C:\Program Files\dotnet\shared\Microsoft.NETCore.App\2.1.0\System.Net.Security.dll</ModulePath>
      <ModuleTime>2018-05-15T13:03:36Z</ModuleTime>
      <ModuleName>System.Net.Security</ModuleName>
      <Files />
      <Classes />
    </Module>
    <Module skippedDueTo="Filter" hash="98-96-3F-E5-73-90-B1-DF-65-97-14-A3-21-62-18-F5-77-F5-B3-B6">
      <ModulePath>C:\Program Files\dotnet\shared\Microsoft.NETCore.App\2.1.0\System.Security.Cryptography.X509Certificates.dll</ModulePath>
      <ModuleTime>2018-05-15T13:03:38Z</ModuleTime>
      <ModuleName>System.Security.Cryptography.X509Certificates</ModuleName>
      <Files />
      <Classes />
    </Module>
    <Module skippedDueTo="Filter" hash="F9-67-FE-2B-96-8A-EC-95-FB-27-2A-27-AA-B3-38-DC-99-35-B9-A1">
      <ModulePath>C:\Program Files\dotnet\shared\Microsoft.NETCore.App\2.1.0\System.ComponentModel.Primitives.dll</ModulePath>
      <ModuleTime>2018-05-15T13:03:34Z</ModuleTime>
      <ModuleName>System.ComponentModel.Primitives</ModuleName>
      <Files />
      <Classes />
    </Module>
    <Module skippedDueTo="Filter" hash="0F-17-E9-42-47-D4-6C-92-50-FA-03-31-93-DC-B9-61-95-E3-80-A2">
      <ModulePath>C:\Program Files\dotnet\shared\Microsoft.NETCore.App\2.1.0\Microsoft.Win32.Primitives.dll</ModulePath>
      <ModuleTime>2018-05-15T13:03:32Z</ModuleTime>
      <ModuleName>Microsoft.Win32.Primitives</ModuleName>
      <Files />
      <Classes />
    </Module>
    <Module skippedDueTo="Filter" hash="0F-DB-A7-E6-AA-F8-E5-3E-DE-54-3D-EA-49-AC-84-46-97-51-FA-C2">
      <ModulePath>C:\Program Files\dotnet\shared\Microsoft.NETCore.App\2.1.0\System.Diagnostics.DiagnosticSource.dll</ModulePath>
      <ModuleTime>2018-05-15T13:03:34Z</ModuleTime>
      <ModuleName>System.Diagnostics.DiagnosticSource</ModuleName>
      <Files />
      <Classes />
    </Module>
    <Module skippedDueTo="Filter" hash="C0-16-E9-9B-FF-FA-5B-79-E3-1C-03-FB-3D-CB-62-55-5D-54-B0-65">
      <ModulePath>C:\Program Files\dotnet\shared\Microsoft.NETCore.App\2.1.0\System.Collections.NonGeneric.dll</ModulePath>
      <ModuleTime>2018-05-15T13:03:34Z</ModuleTime>
      <ModuleName>System.Collections.NonGeneric</ModuleName>
      <Files />
      <Classes />
    </Module>
    <Module skippedDueTo="Filter" hash="83-47-75-52-B4-4C-F0-7A-DA-4F-28-C8-7A-7F-40-D2-DB-8A-36-84">
      <ModulePath>C:\Program Files\dotnet\shared\Microsoft.NETCore.App\2.1.0\System.Threading.Timer.dll</ModulePath>
      <ModuleTime>2018-05-15T13:03:38Z</ModuleTime>
      <ModuleName>System.Threading.Timer</ModuleName>
      <Files />
      <Classes />
    </Module>
    <Module skippedDueTo="Filter" hash="0A-B2-E4-7B-B0-E9-FD-9C-A8-4F-38-C9-DE-41-06-D4-7B-D0-78-CC">
      <ModulePath>C:\Program Files\dotnet\shared\Microsoft.NETCore.App\2.1.0\System.Net.NetworkInformation.dll</ModulePath>
      <ModuleTime>2018-05-15T13:03:36Z</ModuleTime>
      <ModuleName>System.Net.NetworkInformation</ModuleName>
      <Files />
      <Classes />
    </Module>
    <Module skippedDueTo="Filter" hash="3F-BD-5F-B2-1B-D5-24-D9-56-14-4D-D5-55-71-7D-18-8E-58-FE-39">
      <ModulePath>C:\Program Files\dotnet\shared\Microsoft.NETCore.App\2.1.0\System.Net.Sockets.dll</ModulePath>
      <ModuleTime>2018-05-15T13:03:36Z</ModuleTime>
      <ModuleName>System.Net.Sockets</ModuleName>
      <Files />
      <Classes />
    </Module>
    <Module skippedDueTo="Filter" hash="16-06-8F-98-40-06-94-A2-59-B4-EB-EA-21-F3-79-D0-0A-AD-45-7D">
      <ModulePath>C:\Program Files\dotnet\shared\Microsoft.NETCore.App\2.1.0\System.Threading.Overlapped.dll</ModulePath>
      <ModuleTime>2018-05-15T13:03:38Z</ModuleTime>
      <ModuleName>System.Threading.Overlapped</ModuleName>
      <Files />
      <Classes />
    </Module>
    <Module skippedDueTo="Filter" hash="EC-3F-C7-DD-79-2E-04-92-8D-F3-A5-60-2F-FB-16-43-DD-1B-31-10">
      <ModulePath>C:\Program Files\dotnet\shared\Microsoft.NETCore.App\2.1.0\System.Net.NameResolution.dll</ModulePath>
      <ModuleTime>2018-05-15T13:03:36Z</ModuleTime>
      <ModuleName>System.Net.NameResolution</ModuleName>
      <Files />
      <Classes />
    </Module>
    <Module skippedDueTo="Filter" hash="B2-E7-C6-75-5A-8F-45-0B-CA-A7-A6-86-F2-5E-94-26-D2-45-2F-3F">
      <ModulePath>C:\Program Files\dotnet\shared\Microsoft.NETCore.App\2.1.0\System.Private.CoreLib.dll</ModulePath>
      <ModuleTime>2018-05-15T13:03:40Z</ModuleTime>
      <ModuleName>System.Private.CoreLib</ModuleName>
      <Files />
      <Classes />
    </Module>
    <Module skippedDueTo="Filter" hash="FE-78-53-9B-1A-13-3F-2F-ED-91-53-E1-AA-73-FA-63-EF-04-D3-99">
      <ModulePath>C:\Program Files\dotnet\shared\Microsoft.NETCore.App\2.1.0\System.Security.Principal.Windows.dll</ModulePath>
      <ModuleTime>2018-05-15T13:03:38Z</ModuleTime>
      <ModuleName>System.Security.Principal.Windows</ModuleName>
      <Files />
      <Classes />
    </Module>
    <Module skippedDueTo="Filter" hash="D3-0C-F6-3D-A6-F7-83-3E-1E-46-C2-F3-6F-5E-E8-35-37-73-4B-30">
      <ModulePath>C:\Program Files\dotnet\shared\Microsoft.NETCore.App\2.1.0\System.Security.Claims.dll</ModulePath>
      <ModuleTime>2018-05-15T13:03:38Z</ModuleTime>
      <ModuleName>System.Security.Claims</ModuleName>
      <Files />
      <Classes />
    </Module>
    <Module skippedDueTo="Filter" hash="12-B7-51-68-45-5A-41-43-72-AB-32-1D-14-F1-4B-C8-FE-3E-0C-95">
      <ModulePath>C:\Program Files\dotnet\shared\Microsoft.NETCore.App\2.1.0\System.Security.Principal.dll</ModulePath>
      <ModuleTime>2018-05-15T13:03:38Z</ModuleTime>
      <ModuleName>System.Security.Principal</ModuleName>
      <Files />
      <Classes />
    </Module>
    <Module skippedDueTo="Filter" hash="0B-00-63-62-08-97-52-5E-F9-8B-EB-3C-D1-A6-54-CE-C0-73-A7-B0">
      <ModulePath>C:\Program Files\dotnet\sdk\2.1.300\MSBuild.dll</ModulePath>
      <ModuleTime>2018-05-22T15:04:42Z</ModuleTime>
      <ModuleName>MSBuild</ModuleName>
      <Files />
      <Classes />
    </Module>
    <Module skippedDueTo="Filter" hash="9F-39-BF-B3-E6-CA-45-5F-FF-EC-C9-17-D3-19-65-B0-6E-2F-17-4E">
      <ModulePath>C:\Program Files\dotnet\shared\Microsoft.NETCore.App\2.1.0\System.Runtime.dll</ModulePath>
      <ModuleTime>2018-05-15T13:03:38Z</ModuleTime>
      <ModuleName>System.Runtime</ModuleName>
      <Files />
      <Classes />
    </Module>
    <Module skippedDueTo="Filter" hash="8D-7A-CE-FA-10-05-D7-6F-3C-AC-3E-F0-BA-01-AD-CE-0B-22-99-8B">
      <ModulePath>C:\Program Files\dotnet\shared\Microsoft.NETCore.App\2.1.0\System.Runtime.Extensions.dll</ModulePath>
      <ModuleTime>2018-05-15T13:03:38Z</ModuleTime>
      <ModuleName>System.Runtime.Extensions</ModuleName>
      <Files />
      <Classes />
    </Module>
    <Module skippedDueTo="Filter" hash="DC-82-33-86-1B-03-21-60-3C-01-E1-E1-DD-56-79-12-7A-1D-2E-21">
      <ModulePath>C:\Program Files\dotnet\shared\Microsoft.NETCore.App\2.1.0\System.Threading.dll</ModulePath>
      <ModuleTime>2018-05-15T13:03:38Z</ModuleTime>
      <ModuleName>System.Threading</ModuleName>
      <Files />
      <Classes />
    </Module>
    <Module skippedDueTo="Filter" hash="25-50-01-7A-06-31-FD-01-25-66-B3-FF-54-A1-13-10-BF-28-EA-43">
      <ModulePath>C:\Program Files\dotnet\shared\Microsoft.NETCore.App\2.1.0\System.IO.FileSystem.dll</ModulePath>
      <ModuleTime>2018-05-15T13:03:34Z</ModuleTime>
      <ModuleName>System.IO.FileSystem</ModuleName>
      <Files />
      <Classes />
    </Module>
    <Module skippedDueTo="Filter" hash="BD-CE-88-18-22-8A-25-85-EF-42-FE-24-18-B9-4F-9D-F6-47-F0-A9">
      <ModulePath>C:\Program Files\dotnet\shared\Microsoft.NETCore.App\2.1.0\System.Runtime.InteropServices.RuntimeInformation.dll</ModulePath>
      <ModuleTime>2018-05-15T13:03:38Z</ModuleTime>
      <ModuleName>System.Runtime.InteropServices.RuntimeInformation</ModuleName>
      <Files />
      <Classes />
    </Module>
    <Module skippedDueTo="Filter" hash="9F-99-A9-A6-DD-81-FE-32-D3-9F-D2-E3-AD-B9-5F-98-E3-C3-D3-BD">
      <ModulePath>C:\Program Files\dotnet\shared\Microsoft.NETCore.App\2.1.0\System.Linq.dll</ModulePath>
      <ModuleTime>2018-05-15T13:03:36Z</ModuleTime>
      <ModuleName>System.Linq</ModuleName>
      <Files />
      <Classes />
    </Module>
    <Module skippedDueTo="Filter" hash="A7-E9-86-00-CF-78-E5-77-89-9A-59-FD-9F-AE-61-2D-6A-36-CF-91">
      <ModulePath>C:\Program Files\dotnet\shared\Microsoft.NETCore.App\2.1.0\System.Text.RegularExpressions.dll</ModulePath>
      <ModuleTime>2018-05-15T13:03:38Z</ModuleTime>
      <ModuleName>System.Text.RegularExpressions</ModuleName>
      <Files />
      <Classes />
    </Module>
    <Module skippedDueTo="Filter" hash="24-71-BF-19-D6-43-AE-96-67-A7-D6-7A-23-51-8F-EA-D9-BB-9E-0B">
      <ModulePath>C:\Program Files\dotnet\shared\Microsoft.NETCore.App\2.1.0\System.Collections.dll</ModulePath>
      <ModuleTime>2018-05-15T13:03:34Z</ModuleTime>
      <ModuleName>System.Collections</ModuleName>
      <Files />
      <Classes />
    </Module>
    <Module skippedDueTo="Filter" hash="06-17-26-DD-65-DD-EF-6E-2E-D9-3B-5F-6B-34-E5-D7-6D-F3-F7-E0">
      <ModulePath>C:\Program Files\dotnet\shared\Microsoft.NETCore.App\2.1.0\System.Security.Cryptography.Encoding.dll</ModulePath>
      <ModuleTime>2018-05-15T13:03:38Z</ModuleTime>
      <ModuleName>System.Security.Cryptography.Encoding</ModuleName>
      <Files />
      <Classes />
    </Module>
    <Module skippedDueTo="Filter" hash="0A-4E-6E-9A-77-64-F6-77-BF-DB-19-83-60-08-67-E6-59-D4-B5-89">
      <ModulePath>C:\Program Files\dotnet\shared\Microsoft.NETCore.App\2.1.0\System.Buffers.dll</ModulePath>
      <ModuleTime>2018-05-15T13:03:34Z</ModuleTime>
      <ModuleName>System.Buffers</ModuleName>
      <Files />
      <Classes />
    </Module>
    <Module skippedDueTo="Filter" hash="99-33-4D-CD-87-78-88-0E-F6-12-EF-CA-31-D9-97-F4-A8-D8-3D-E1">
      <ModulePath>C:\Program Files\dotnet\shared\Microsoft.NETCore.App\2.1.0\System.Memory.dll</ModulePath>
      <ModuleTime>2018-05-15T13:03:36Z</ModuleTime>
      <ModuleName>System.Memory</ModuleName>
      <Files />
      <Classes />
    </Module>
    <Module skippedDueTo="Filter" hash="7C-48-0B-B8-42-17-41-57-6D-4B-89-E5-56-89-D0-D0-8F-11-92-5B">
      <ModulePath>C:\Program Files\dotnet\shared\Microsoft.NETCore.App\2.1.0\System.Runtime.InteropServices.dll</ModulePath>
      <ModuleTime>2018-05-15T13:03:38Z</ModuleTime>
      <ModuleName>System.Runtime.InteropServices</ModuleName>
      <Files />
      <Classes />
    </Module>
    <Module skippedDueTo="Filter" hash="FB-2A-22-7D-6B-48-6C-07-93-20-FE-9E-D2-85-0C-2E-DA-B6-18-C7">
      <ModulePath>C:\Program Files\dotnet\shared\Microsoft.NETCore.App\2.1.0\System.Console.dll</ModulePath>
      <ModuleTime>2018-05-15T13:03:34Z</ModuleTime>
      <ModuleName>System.Console</ModuleName>
      <Files />
      <Classes />
    </Module>
    <Module skippedDueTo="Filter" hash="75-89-4A-9A-A6-FC-DB-A1-DD-35-84-48-C9-3B-21-8A-92-4A-92-5F">
      <ModulePath>C:\Program Files\dotnet\shared\Microsoft.NETCore.App\2.1.0\System.Diagnostics.Process.dll</ModulePath>
      <ModuleTime>2018-05-15T13:03:34Z</ModuleTime>
      <ModuleName>System.Diagnostics.Process</ModuleName>
      <Files />
      <Classes />
    </Module>
    <Module skippedDueTo="Filter" hash="F9-67-FE-2B-96-8A-EC-95-FB-27-2A-27-AA-B3-38-DC-99-35-B9-A1">
      <ModulePath>C:\Program Files\dotnet\shared\Microsoft.NETCore.App\2.1.0\System.ComponentModel.Primitives.dll</ModulePath>
      <ModuleTime>2018-05-15T13:03:34Z</ModuleTime>
      <ModuleName>System.ComponentModel.Primitives</ModuleName>
      <Files />
      <Classes />
    </Module>
    <Module skippedDueTo="Filter" hash="41-4A-9A-A2-E1-F8-6E-7D-B4-28-4D-C5-7A-5F-EF-78-9E-E6-46-F4">
      <ModulePath>C:\Program Files\dotnet\sdk\2.1.300\Microsoft.Build.Framework.dll</ModulePath>
      <ModuleTime>2018-05-22T15:00:08Z</ModuleTime>
      <ModuleName>Microsoft.Build.Framework</ModuleName>
      <Files />
      <Classes />
    </Module>
    <Module skippedDueTo="Filter" hash="CE-9A-28-50-C8-7A-CB-EA-AB-DB-66-61-78-38-6D-69-39-93-C5-40">
      <ModulePath>C:\Program Files\dotnet\shared\Microsoft.NETCore.App\2.1.0\netstandard.dll</ModulePath>
      <ModuleTime>2018-05-15T13:03:40Z</ModuleTime>
      <ModuleName>netstandard</ModuleName>
      <Files />
      <Classes />
    </Module>
    <Module skippedDueTo="Filter" hash="98-42-51-D3-30-C9-87-5D-C1-EF-E3-90-DF-95-44-6C-CA-37-C8-1B">
      <ModulePath>C:\Program Files\dotnet\sdk\2.1.300\Microsoft.Build.dll</ModulePath>
      <ModuleTime>2018-05-22T15:00:20Z</ModuleTime>
      <ModuleName>Microsoft.Build</ModuleName>
      <Files />
      <Classes />
    </Module>
    <Module skippedDueTo="Filter" hash="66-45-6C-B8-6E-33-46-CE-D5-9F-71-FB-DC-B0-1E-2B-68-D1-4A-7D">
      <ModulePath>C:\Program Files\dotnet\sdk\2.1.300\runtimes\win\lib\netcoreapp2.0\System.Text.Encoding.CodePages.dll</ModulePath>
      <ModuleTime>2018-05-22T14:56:18Z</ModuleTime>
      <ModuleName>System.Text.Encoding.CodePages</ModuleName>
      <Files />
      <Classes />
    </Module>
    <Module skippedDueTo="Filter" hash="81-A4-25-B6-D3-88-DA-45-70-D0-3A-2D-05-DE-62-CD-FB-83-91-B1">
      <ModulePath>C:\Program Files\dotnet\shared\Microsoft.NETCore.App\2.1.0\System.Diagnostics.FileVersionInfo.dll</ModulePath>
      <ModuleTime>2018-05-15T13:03:34Z</ModuleTime>
      <ModuleName>System.Diagnostics.FileVersionInfo</ModuleName>
      <Files />
      <Classes />
    </Module>
    <Module skippedDueTo="Filter" hash="B1-14-2E-2B-2D-74-A8-39-95-C9-CD-C4-2D-7C-86-6D-97-7E-30-39">
      <ModulePath>C:\Program Files\dotnet\shared\Microsoft.NETCore.App\2.1.0\System.Resources.ResourceManager.dll</ModulePath>
      <ModuleTime>2018-05-15T13:03:38Z</ModuleTime>
      <ModuleName>System.Resources.ResourceManager</ModuleName>
      <Files />
      <Classes />
    </Module>
    <Module skippedDueTo="Filter" hash="90-9A-ED-47-04-2B-8A-42-2C-26-2D-AC-58-1F-41-AA-7C-AB-DA-48">
      <ModulePath>C:\Program Files\dotnet\shared\Microsoft.NETCore.App\2.1.0\System.Threading.ThreadPool.dll</ModulePath>
      <ModuleTime>2018-05-15T13:03:38Z</ModuleTime>
      <ModuleName>System.Threading.ThreadPool</ModuleName>
      <Files />
      <Classes />
    </Module>
    <Module skippedDueTo="Filter" hash="4B-C9-61-40-58-3E-0C-63-D9-7B-DD-60-9F-00-0F-85-73-7E-F7-06">
      <ModulePath>C:\Program Files\dotnet\shared\Microsoft.NETCore.App\2.1.0\System.Text.Encoding.Extensions.dll</ModulePath>
      <ModuleTime>2018-05-15T13:03:38Z</ModuleTime>
      <ModuleName>System.Text.Encoding.Extensions</ModuleName>
      <Files />
      <Classes />
    </Module>
    <Module skippedDueTo="Filter" hash="9E-5F-AD-60-04-57-6F-40-C1-C3-F9-E2-BC-8E-5E-64-5E-61-98-48">
      <ModulePath>C:\Program Files\dotnet\shared\Microsoft.NETCore.App\2.1.0\System.Collections.Concurrent.dll</ModulePath>
      <ModuleTime>2018-05-15T13:03:34Z</ModuleTime>
      <ModuleName>System.Collections.Concurrent</ModuleName>
      <Files />
      <Classes />
    </Module>
    <Module skippedDueTo="Filter" hash="2B-FA-51-67-24-04-EA-9E-F0-4F-31-BC-83-93-95-5A-B6-73-00-98">
      <ModulePath>C:\Program Files\dotnet\sdk\2.1.300\dotnet.dll</ModulePath>
      <ModuleTime>2018-05-22T14:56:18Z</ModuleTime>
      <ModuleName>dotnet</ModuleName>
      <Files />
      <Classes />
    </Module>
    <Module skippedDueTo="Filter" hash="24-55-3A-CA-4E-C6-90-35-58-6E-6F-30-28-3D-A3-E0-18-20-89-47">
      <ModulePath>C:\Program Files\dotnet\sdk\2.1.300\Microsoft.DotNet.Tools.MigrateCommand.dll</ModulePath>
      <ModuleTime>2018-05-22T15:00:08Z</ModuleTime>
      <ModuleName>Microsoft.DotNet.Tools.MigrateCommand</ModuleName>
      <Files />
      <Classes />
    </Module>
    <Module skippedDueTo="Filter" hash="43-AC-B9-A0-7E-21-D1-DB-A8-42-3B-84-83-FD-34-8D-97-77-3A-87">
      <ModulePath>C:\Program Files\dotnet\sdk\2.1.300\Microsoft.DotNet.Configurer.dll</ModulePath>
      <ModuleTime>2018-05-22T15:00:08Z</ModuleTime>
      <ModuleName>Microsoft.DotNet.Configurer</ModuleName>
      <Files />
      <Classes />
    </Module>
    <Module skippedDueTo="Filter" hash="10-D9-5E-5F-C1-30-6D-DC-D5-57-8D-8E-D0-DC-07-D7-C0-91-30-27">
      <ModulePath>C:\Program Files\dotnet\sdk\2.1.300\Microsoft.DotNet.Cli.Utils.dll</ModulePath>
      <ModuleTime>2018-05-22T15:00:08Z</ModuleTime>
      <ModuleName>Microsoft.DotNet.Cli.Utils</ModuleName>
      <Files />
      <Classes />
    </Module>
    <Module skippedDueTo="Filter" hash="D2-56-A4-DE-8B-E4-74-DB-2A-9D-96-42-3C-8E-47-75-8A-85-8F-DA">
      <ModulePath>C:\Program Files\dotnet\sdk\2.1.300\NuGet.Frameworks.dll</ModulePath>
      <ModuleTime>2018-05-22T15:03:40Z</ModuleTime>
      <ModuleName>NuGet.Frameworks</ModuleName>
      <Files />
      <Classes />
    </Module>
    <Module skippedDueTo="Filter" hash="5D-42-85-92-97-CA-1E-FF-47-73-15-41-50-01-36-CD-4A-CD-55-6C">
      <ModulePath>C:\Program Files\dotnet\sdk\2.1.300\Microsoft.DotNet.InternalAbstractions.dll</ModulePath>
      <ModuleTime>2018-05-22T15:00:08Z</ModuleTime>
      <ModuleName>Microsoft.DotNet.InternalAbstractions</ModuleName>
      <Files />
      <Classes />
    </Module>
    <Module skippedDueTo="Filter" hash="3C-1A-D1-7D-BD-42-C9-7D-FE-CD-90-2F-00-88-4C-15-52-1E-4E-0F">
      <ModulePath>C:\Program Files\dotnet\shared\Microsoft.NETCore.App\2.1.0\System.IO.FileSystem.Primitives.dll</ModulePath>
      <ModuleTime>2018-05-15T13:03:34Z</ModuleTime>
      <ModuleName>System.IO.FileSystem.Primitives</ModuleName>
      <Files />
      <Classes />
    </Module>
    <Module skippedDueTo="Filter" hash="0D-0F-7D-34-CA-A6-65-47-7B-9A-11-AC-9B-85-8D-E3-52-ED-44-21">
      <ModulePath>C:\Program Files\dotnet\sdk\2.1.300\Microsoft.ApplicationInsights.dll</ModulePath>
      <ModuleTime>2018-05-22T15:00:08Z</ModuleTime>
      <ModuleName>Microsoft.ApplicationInsights</ModuleName>
      <Files />
      <Classes />
    </Module>
    <Module skippedDueTo="Filter" hash="25-FE-65-CF-8D-DE-90-81-68-78-51-35-16-D5-62-62-94-42-F1-2D">
      <ModulePath>C:\Program Files\dotnet\sdk\2.1.300\Microsoft.DotNet.PlatformAbstractions.dll</ModulePath>
      <ModuleTime>2018-05-22T15:00:08Z</ModuleTime>
      <ModuleName>Microsoft.DotNet.PlatformAbstractions</ModuleName>
      <Files />
      <Classes />
    </Module>
    <Module skippedDueTo="Filter" hash="99-CC-76-16-41-8D-C7-16-82-C9-39-01-13-46-6B-62-39-B8-7E-32">
      <ModulePath>C:\Program Files\dotnet\shared\Microsoft.NETCore.App\2.1.0\System.Reflection.Extensions.dll</ModulePath>
      <ModuleTime>2018-05-15T13:03:38Z</ModuleTime>
      <ModuleName>System.Reflection.Extensions</ModuleName>
      <Files />
      <Classes />
    </Module>
    <Module skippedDueTo="Filter" hash="1E-3D-7F-D9-96-A2-6B-1F-8A-00-47-08-B1-B4-3D-4B-FC-82-C0-E0">
      <ModulePath>C:\Program Files\dotnet\shared\Microsoft.NETCore.App\2.1.0\System.Reflection.dll</ModulePath>
      <ModuleTime>2018-05-15T13:03:38Z</ModuleTime>
      <ModuleName>System.Reflection</ModuleName>
      <Files />
      <Classes />
    </Module>
    <Module skippedDueTo="Filter" hash="7B-69-F4-1E-A3-58-9E-D6-28-EB-77-F1-9D-13-F7-D8-20-E7-06-CC">
      <ModulePath>C:\Program Files\dotnet\shared\Microsoft.NETCore.App\2.1.0\System.Xml.XDocument.dll</ModulePath>
      <ModuleTime>2018-05-15T13:03:38Z</ModuleTime>
      <ModuleName>System.Xml.XDocument</ModuleName>
      <Files />
      <Classes />
    </Module>
    <Module skippedDueTo="Filter" hash="21-08-D5-0F-67-C7-B3-A5-F0-0B-F9-E9-57-C9-65-4E-BD-60-05-42">
      <ModulePath>C:\Program Files\dotnet\shared\Microsoft.NETCore.App\2.1.0\System.Private.Xml.Linq.dll</ModulePath>
      <ModuleTime>2018-05-15T13:03:36Z</ModuleTime>
      <ModuleName>System.Private.Xml.Linq</ModuleName>
      <Files />
      <Classes />
    </Module>
    <Module skippedDueTo="Filter" hash="59-22-E0-A2-F3-0C-E7-ED-94-CC-53-3D-C8-3A-1A-1E-27-CB-A9-37">
      <ModulePath>C:\Program Files\dotnet\shared\Microsoft.NETCore.App\2.1.0\System.Private.Xml.dll</ModulePath>
      <ModuleTime>2018-05-15T13:03:36Z</ModuleTime>
      <ModuleName>System.Private.Xml</ModuleName>
      <Files />
      <Classes />
    </Module>
    <Module skippedDueTo="Filter" hash="5E-40-03-20-BE-51-A5-B8-5B-25-4F-F1-25-17-FA-A8-F7-D6-1D-75">
      <ModulePath>C:\Program Files\dotnet\shared\Microsoft.NETCore.App\2.1.0\System.Xml.ReaderWriter.dll</ModulePath>
      <ModuleTime>2018-05-15T13:03:38Z</ModuleTime>
      <ModuleName>System.Xml.ReaderWriter</ModuleName>
      <Files />
      <Classes />
    </Module>
    <Module skippedDueTo="Filter" hash="D8-1F-91-FC-FE-F3-18-9C-C0-64-98-06-CA-A4-4A-14-A8-D4-E1-A1">
      <ModulePath>C:\Program Files\dotnet\shared\Microsoft.NETCore.App\2.1.0\System.Diagnostics.Tracing.dll</ModulePath>
      <ModuleTime>2018-05-15T13:03:34Z</ModuleTime>
      <ModuleName>System.Diagnostics.Tracing</ModuleName>
      <Files />
      <Classes />
    </Module>
    <Module skippedDueTo="Filter" hash="9D-16-07-1F-E6-AE-43-F8-08-7D-77-2C-41-30-DA-C0-55-6C-5D-B8">
      <ModulePath>C:\Program Files\dotnet\shared\Microsoft.NETCore.App\2.1.0\System.Private.Uri.dll</ModulePath>
      <ModuleTime>2018-05-15T13:03:36Z</ModuleTime>
      <ModuleName>System.Private.Uri</ModuleName>
      <Files />
      <Classes />
    </Module>
    <Module skippedDueTo="Filter" hash="4F-1F-3B-7B-DB-07-CF-E1-A3-99-93-8D-8C-97-A1-6A-0C-41-8E-E9">
      <ModulePath>C:\Program Files\dotnet\shared\Microsoft.NETCore.App\2.1.0\System.Threading.Tasks.dll</ModulePath>
      <ModuleTime>2018-05-15T13:03:38Z</ModuleTime>
      <ModuleName>System.Threading.Tasks</ModuleName>
      <Files />
      <Classes />
    </Module>
    <Module skippedDueTo="Filter" hash="42-A9-56-1E-D9-D8-E5-61-4B-B5-2A-4C-CA-8E-A6-DE-FB-9F-B4-71">
      <ModulePath>C:\Program Files\dotnet\shared\Microsoft.NETCore.App\2.1.0\System.Globalization.dll</ModulePath>
      <ModuleTime>2018-05-15T13:03:34Z</ModuleTime>
      <ModuleName>System.Globalization</ModuleName>
      <Files />
      <Classes />
    </Module>
    <Module skippedDueTo="Filter" hash="2B-15-19-D9-E6-56-DC-AC-E0-43-94-94-4C-00-47-20-93-31-C3-E5">
      <ModulePath>C:\Program Files\dotnet\shared\Microsoft.NETCore.App\2.1.0\System.Threading.Tasks.Dataflow.dll</ModulePath>
      <ModuleTime>2018-05-15T13:03:38Z</ModuleTime>
      <ModuleName>System.Threading.Tasks.Dataflow</ModuleName>
      <Files />
      <Classes />
    </Module>
    <Module skippedDueTo="Filter" hash="6C-10-44-7E-EF-B7-6F-EF-94-1C-16-FA-4B-F1-3F-1A-2E-B7-36-36">
      <ModulePath>C:\Program Files\dotnet\shared\Microsoft.NETCore.App\2.1.0\System.Security.Cryptography.Algorithms.dll</ModulePath>
      <ModuleTime>2018-05-15T13:03:38Z</ModuleTime>
      <ModuleName>System.Security.Cryptography.Algorithms</ModuleName>
      <Files />
      <Classes />
    </Module>
    <Module skippedDueTo="Filter" hash="96-1F-A5-9A-60-99-81-FC-8E-F0-9A-6E-0B-B0-7C-FD-63-B6-C5-CD">
      <ModulePath>C:\Program Files\dotnet\shared\Microsoft.NETCore.App\2.1.0\System.Security.Cryptography.Primitives.dll</ModulePath>
      <ModuleTime>2018-05-15T13:03:38Z</ModuleTime>
      <ModuleName>System.Security.Cryptography.Primitives</ModuleName>
      <Files />
      <Classes />
    </Module>
    <Module skippedDueTo="Filter" hash="20-B2-59-8F-C7-14-4E-F0-13-BD-7E-A3-10-08-23-76-28-0E-DB-8D">
      <ModulePath>C:\Program Files\dotnet\shared\Microsoft.NETCore.App\2.1.0\Microsoft.Win32.Registry.dll</ModulePath>
      <ModuleTime>2018-05-15T13:03:32Z</ModuleTime>
      <ModuleName>Microsoft.Win32.Registry</ModuleName>
      <Files />
      <Classes />
    </Module>
    <Module skippedDueTo="Filter" hash="41-ED-E1-98-BB-A2-1A-69-AC-77-E0-4E-8D-36-CF-B1-5A-52-81-B9">
      <ModulePath>C:\Program Files\dotnet\shared\Microsoft.NETCore.App\2.1.0\System.ObjectModel.dll</ModulePath>
      <ModuleTime>2018-05-15T13:03:36Z</ModuleTime>
      <ModuleName>System.ObjectModel</ModuleName>
      <Files />
      <Classes />
    </Module>
    <Module skippedDueTo="Filter" hash="D0-AD-42-F2-E9-D2-D4-94-0D-63-8C-61-4E-52-4F-0D-DA-1A-CD-6F">
      <ModulePath>C:\Program Files\dotnet\shared\Microsoft.NETCore.App\2.1.0\System.Threading.Thread.dll</ModulePath>
      <ModuleTime>2018-05-15T13:03:38Z</ModuleTime>
      <ModuleName>System.Threading.Thread</ModuleName>
      <Files />
      <Classes />
    </Module>
    <Module skippedDueTo="Filter" hash="9A-D5-0C-A3-5D-58-2D-DE-6A-31-89-EE-94-D7-1F-CA-8E-4A-4A-3A">
      <ModulePath>C:\Program Files\dotnet\shared\Microsoft.NETCore.App\2.1.0\System.Diagnostics.TraceSource.dll</ModulePath>
      <ModuleTime>2018-05-15T13:03:34Z</ModuleTime>
      <ModuleName>System.Diagnostics.TraceSource</ModuleName>
      <Files />
      <Classes />
    </Module>
    <Module skippedDueTo="Filter" hash="40-85-75-1E-6D-24-67-1C-AF-4E-3B-D9-80-9C-3F-AB-6D-60-D4-C0">
      <ModulePath>C:\Program Files\dotnet\shared\Microsoft.NETCore.App\2.1.0\System.Runtime.Loader.dll</ModulePath>
      <ModuleTime>2018-05-15T13:03:38Z</ModuleTime>
      <ModuleName>System.Runtime.Loader</ModuleName>
      <Files />
      <Classes />
    </Module>
    <Module skippedDueTo="Filter" hash="72-0A-30-A7-22-EC-F1-8C-49-6B-B1-CA-D6-E7-A8-7F-FE-63-FD-8E">
      <ModulePath>C:\Program Files\dotnet\sdk\2.1.300\SdkResolvers\NuGet.MSBuildSdkResolver\NuGet.MSBuildSdkResolver.dll</ModulePath>
      <ModuleTime>2018-05-22T15:04:32Z</ModuleTime>
      <ModuleName>NuGet.MSBuildSdkResolver</ModuleName>
      <Files />
      <Classes />
    </Module>
    <Module skippedDueTo="Filter" hash="0B-FA-56-19-85-6A-C4-75-4C-10-0F-DC-F8-D1-5B-9B-CD-DC-C3-F6">
      <ModulePath>C:\Program Files\dotnet\shared\Microsoft.NETCore.App\2.1.0\System.Collections.Immutable.dll</ModulePath>
      <ModuleTime>2018-05-15T13:03:34Z</ModuleTime>
      <ModuleName>System.Collections.Immutable</ModuleName>
      <Files />
      <Classes />
    </Module>
    <Module skippedDueTo="Filter" hash="DC-EE-C1-38-F2-18-91-33-F1-C3-BD-36-22-CF-EB-CB-64-37-AA-32">
      <ModulePath>C:\Program Files\dotnet\shared\Microsoft.NETCore.App\2.1.0\System.Threading.Tasks.Parallel.dll</ModulePath>
      <ModuleTime>2018-05-15T13:03:38Z</ModuleTime>
      <ModuleName>System.Threading.Tasks.Parallel</ModuleName>
      <Files />
      <Classes />
    </Module>
    <Module skippedDueTo="Filter" hash="8A-24-7E-36-DC-BB-93-15-20-2B-32-6B-08-66-22-C1-4D-10-12-59">
      <ModulePath>C:\Program Files\dotnet\sdk\2.1.300\Microsoft.Build.Utilities.Core.dll</ModulePath>
      <ModuleTime>2018-05-22T15:00:08Z</ModuleTime>
      <ModuleName>Microsoft.Build.Utilities.Core</ModuleName>
      <Files />
      <Classes />
    </Module>
    <Module skippedDueTo="Filter" hash="BB-70-F4-68-DD-92-B3-F6-FB-00-D6-D4-4C-56-CB-EF-A3-91-1B-0D">
      <ModulePath>C:\Program Files\dotnet\shared\Microsoft.NETCore.App\2.1.0\System.Reflection.Emit.ILGeneration.dll</ModulePath>
      <ModuleTime>2018-05-15T13:03:38Z</ModuleTime>
      <ModuleName>System.Reflection.Emit.ILGeneration</ModuleName>
      <Files />
      <Classes />
    </Module>
    <Module skippedDueTo="Filter" hash="38-CE-AE-5A-FB-25-CF-0E-7C-94-96-84-5F-7C-AD-3A-56-F4-A2-A4">
      <ModulePath>C:\Program Files\dotnet\shared\Microsoft.NETCore.App\2.1.0\System.Reflection.Emit.Lightweight.dll</ModulePath>
      <ModuleTime>2018-05-15T13:03:38Z</ModuleTime>
      <ModuleName>System.Reflection.Emit.Lightweight</ModuleName>
      <Files />
      <Classes />
    </Module>
    <Module skippedDueTo="Filter" hash="CC-EB-DD-C7-0A-85-19-06-8D-84-86-4E-4E-44-CF-17-AF-4A-84-68">
      <ModulePath>C:\Program Files\dotnet\shared\Microsoft.NETCore.App\2.1.0\System.Reflection.Primitives.dll</ModulePath>
      <ModuleTime>2018-05-15T13:03:38Z</ModuleTime>
      <ModuleName>System.Reflection.Primitives</ModuleName>
      <Files />
      <Classes />
    </Module>
    <Module skippedDueTo="Filter" hash="FB-DC-55-48-ED-9E-8C-F4-0E-8F-50-C4-94-E6-C5-79-7F-EF-F6-51">
      <ModulePath>C:\Program Files\dotnet\sdk\2.1.300\Microsoft.Build.Tasks.Core.dll</ModulePath>
      <ModuleTime>2018-05-22T15:00:10Z</ModuleTime>
      <ModuleName>Microsoft.Build.Tasks.Core</ModuleName>
      <Files />
      <Classes />
    </Module>
    <Module skippedDueTo="Filter" hash="90-9A-ED-47-04-2B-8A-42-2C-26-2D-AC-58-1F-41-AA-7C-AB-DA-48">
      <ModulePath>C:\Program Files\dotnet\shared\Microsoft.NETCore.App\2.1.0\System.Threading.ThreadPool.dll</ModulePath>
      <ModuleTime>2018-05-15T13:03:38Z</ModuleTime>
      <ModuleName>System.Threading.ThreadPool</ModuleName>
      <Files />
      <Classes />
    </Module>
    <Module skippedDueTo="Filter" hash="45-E8-37-82-07-7C-14-A6-76-78-F5-22-C0-05-EC-D7-5D-4B-94-AA">
      <ModulePath>C:\Program Files\dotnet\sdk\2.1.300\NuGet.Build.Tasks.dll</ModulePath>
      <ModuleTime>2018-05-22T15:03:50Z</ModuleTime>
      <ModuleName>NuGet.Build.Tasks</ModuleName>
      <Files />
      <Classes />
    </Module>
    <Module skippedDueTo="Filter" hash="76-2C-1F-A8-5E-1D-6D-0A-BF-30-D7-DF-D2-DD-CE-44-DC-89-D8-AD">
      <ModulePath>C:\Program Files\dotnet\sdk\2.1.300\NuGet.Commands.dll</ModulePath>
      <ModuleTime>2018-05-22T15:04:18Z</ModuleTime>
      <ModuleName>NuGet.Commands</ModuleName>
      <Files />
      <Classes />
    </Module>
    <Module skippedDueTo="Filter" hash="2C-A4-74-D9-53-AC-74-18-35-67-84-A6-39-4E-8C-96-9E-71-6B-DD">
      <ModulePath>C:\Program Files\dotnet\sdk\2.1.300\NuGet.Common.dll</ModulePath>
      <ModuleTime>2018-05-22T15:03:32Z</ModuleTime>
      <ModuleName>NuGet.Common</ModuleName>
      <Files />
      <Classes />
    </Module>
    <Module skippedDueTo="Filter" hash="C0-16-E9-9B-FF-FA-5B-79-E3-1C-03-FB-3D-CB-62-55-5D-54-B0-65">
      <ModulePath>C:\Program Files\dotnet\shared\Microsoft.NETCore.App\2.1.0\System.Collections.NonGeneric.dll</ModulePath>
      <ModuleTime>2018-05-15T13:03:34Z</ModuleTime>
      <ModuleName>System.Collections.NonGeneric</ModuleName>
      <Files />
      <Classes />
    </Module>
    <Module skippedDueTo="Filter" hash="0F-17-E9-42-47-D4-6C-92-50-FA-03-31-93-DC-B9-61-95-E3-80-A2">
      <ModulePath>C:\Program Files\dotnet\shared\Microsoft.NETCore.App\2.1.0\Microsoft.Win32.Primitives.dll</ModulePath>
      <ModuleTime>2018-05-15T13:03:32Z</ModuleTime>
      <ModuleName>Microsoft.Win32.Primitives</ModuleName>
      <Files />
      <Classes />
    </Module>
    <Module skippedDueTo="Filter" hash="2F-11-F8-D5-E0-AB-58-10-94-51-27-E6-DD-B3-17-15-E3-AC-0F-2D">
      <ModulePath>C:\Program Files\dotnet\shared\Microsoft.NETCore.App\2.1.0\System.IO.Pipes.dll</ModulePath>
      <ModuleTime>2018-05-15T13:03:36Z</ModuleTime>
      <ModuleName>System.IO.Pipes</ModuleName>
      <Files />
      <Classes />
    </Module>
    <Module skippedDueTo="Filter" hash="12-B7-51-68-45-5A-41-43-72-AB-32-1D-14-F1-4B-C8-FE-3E-0C-95">
      <ModulePath>C:\Program Files\dotnet\shared\Microsoft.NETCore.App\2.1.0\System.Security.Principal.dll</ModulePath>
      <ModuleTime>2018-05-15T13:03:38Z</ModuleTime>
      <ModuleName>System.Security.Principal</ModuleName>
      <Files />
      <Classes />
    </Module>
    <Module skippedDueTo="Filter" hash="16-06-8F-98-40-06-94-A2-59-B4-EB-EA-21-F3-79-D0-0A-AD-45-7D">
      <ModulePath>C:\Program Files\dotnet\shared\Microsoft.NETCore.App\2.1.0\System.Threading.Overlapped.dll</ModulePath>
      <ModuleTime>2018-05-15T13:03:38Z</ModuleTime>
      <ModuleName>System.Threading.Overlapped</ModuleName>
      <Files />
      <Classes />
    </Module>
    <Module skippedDueTo="Filter" hash="4D-3B-78-35-B5-9F-C7-B1-D7-A9-36-5D-11-38-17-02-11-F8-23-B6">
      <ModulePath>C:\Program Files\dotnet\shared\Microsoft.NETCore.App\2.1.0\System.Security.AccessControl.dll</ModulePath>
      <ModuleTime>2018-05-15T13:03:38Z</ModuleTime>
      <ModuleName>System.Security.AccessControl</ModuleName>
      <Files />
      <Classes />
    </Module>
    <Module skippedDueTo="Filter" hash="FE-78-53-9B-1A-13-3F-2F-ED-91-53-E1-AA-73-FA-63-EF-04-D3-99">
      <ModulePath>C:\Program Files\dotnet\shared\Microsoft.NETCore.App\2.1.0\System.Security.Principal.Windows.dll</ModulePath>
      <ModuleTime>2018-05-15T13:03:38Z</ModuleTime>
      <ModuleName>System.Security.Principal.Windows</ModuleName>
      <Files />
      <Classes />
    </Module>
    <Module skippedDueTo="Filter" hash="D3-0C-F6-3D-A6-F7-83-3E-1E-46-C2-F3-6F-5E-E8-35-37-73-4B-30">
      <ModulePath>C:\Program Files\dotnet\shared\Microsoft.NETCore.App\2.1.0\System.Security.Claims.dll</ModulePath>
      <ModuleTime>2018-05-15T13:03:38Z</ModuleTime>
      <ModuleName>System.Security.Claims</ModuleName>
      <Files />
      <Classes />
    </Module>
    <Module skippedDueTo="Filter" hash="67-F3-8D-FF-58-30-5E-3A-00-E2-F7-7A-6C-29-19-0F-81-5F-8A-FB">
      <ModulePath>C:\Program Files\dotnet\shared\Microsoft.NETCore.App\2.1.0\System.ComponentModel.dll</ModulePath>
      <ModuleTime>2018-05-15T13:03:34Z</ModuleTime>
      <ModuleName>System.ComponentModel</ModuleName>
      <Files />
      <Classes />
    </Module>
    <Module skippedDueTo="Filter" hash="CB-12-65-F6-90-16-FC-23-6A-26-15-3E-1B-83-6E-7F-57-AF-33-D3">
      <ModulePath>C:\Program Files\dotnet\shared\Microsoft.NETCore.App\2.1.0\System.Runtime.Serialization.Formatters.dll</ModulePath>
      <ModuleTime>2018-05-15T13:03:38Z</ModuleTime>
      <ModuleName>System.Runtime.Serialization.Formatters</ModuleName>
      <Files />
      <Classes />
    </Module>
    <Module skippedDueTo="Filter" hash="F6-7D-06-AB-0A-DD-57-07-A5-9F-0A-74-76-42-ED-D8-C9-54-86-8E">
      <ModulePath>C:\Program Files\dotnet\sdk\2.1.300\Sdks\Microsoft.NET.Sdk\targets\..\tools\netcoreapp2.0/Microsoft.NET.Build.Tasks.dll</ModulePath>
      <ModuleTime>2018-05-22T15:02:10Z</ModuleTime>
      <ModuleName>Microsoft.NET.Build.Tasks</ModuleName>
      <Files />
      <Classes />
    </Module>
    <Module skippedDueTo="Filter" hash="23-3A-A4-7A-36-EC-A3-70-6E-B5-09-91-2C-F4-8E-8F-AA-2F-DE-A9">
      <ModulePath>C:\Program Files\dotnet\sdk\2.1.300\NuGet.Configuration.dll</ModulePath>
      <ModuleTime>2018-05-22T15:03:30Z</ModuleTime>
      <ModuleName>NuGet.Configuration</ModuleName>
      <Files />
      <Classes />
    </Module>
    <Module skippedDueTo="Filter" hash="93-AD-CD-25-C3-0E-A0-A6-7A-07-9E-D5-7A-CB-BF-3D-90-A1-F9-C5">
      <ModulePath>C:\Program Files\dotnet\shared\Microsoft.NETCore.App\2.1.0\System.IO.dll</ModulePath>
      <ModuleTime>2018-05-15T13:03:36Z</ModuleTime>
      <ModuleName>System.IO</ModuleName>
      <Files />
      <Classes />
    </Module>
    <Module skippedDueTo="Filter" hash="6D-9D-C3-30-B6-80-47-63-E9-F9-98-B3-86-27-D0-F5-80-75-FE-62">
      <ModulePath>C:\Program Files\dotnet\shared\Microsoft.NETCore.App\2.1.0\System.Text.Encoding.dll</ModulePath>
      <ModuleTime>2018-05-15T13:03:38Z</ModuleTime>
      <ModuleName>System.Text.Encoding</ModuleName>
      <Files />
      <Classes />
    </Module>
    <Module skippedDueTo="Filter" hash="3E-25-59-81-49-B6-49-57-56-FF-D9-5C-4B-08-B7-27-B7-81-A7-8F">
      <ModulePath>C:\Program Files\dotnet\sdk\2.1.300\NuGet.ProjectModel.dll</ModulePath>
      <ModuleTime>2018-05-22T15:03:40Z</ModuleTime>
      <ModuleName>NuGet.ProjectModel</ModuleName>
      <Files />
      <Classes />
    </Module>
    <Module skippedDueTo="Filter" hash="20-7F-00-FC-3F-E3-AB-6E-61-FC-BD-E1-3D-E4-4F-9D-FE-09-D7-CB">
      <ModulePath>C:\Program Files\dotnet\sdk\2.1.300\NuGet.Versioning.dll</ModulePath>
      <ModuleTime>2018-05-22T15:04:12Z</ModuleTime>
      <ModuleName>NuGet.Versioning</ModuleName>
      <Files />
      <Classes />
    </Module>
    <Module skippedDueTo="Filter" hash="99-00-E7-0F-FA-F3-87-12-D8-F0-39-9C-2B-4D-3A-07-8B-AB-ED-89">
      <ModulePath>C:\Program Files\dotnet\sdk\2.1.300\NuGet.Protocol.dll</ModulePath>
      <ModuleTime>2018-05-22T15:03:52Z</ModuleTime>
      <ModuleName>NuGet.Protocol</ModuleName>
      <Files />
      <Classes />
    </Module>
    <Module skippedDueTo="Filter" hash="8E-3C-D3-59-57-AC-63-41-38-8B-D3-5F-74-49-A4-8A-CC-5B-52-6C">
      <ModulePath>C:\Program Files\dotnet\sdk\2.1.300\NuGet.Packaging.dll</ModulePath>
      <ModuleTime>2018-05-22T15:04:10Z</ModuleTime>
      <ModuleName>NuGet.Packaging</ModuleName>
      <Files />
      <Classes />
    </Module>
    <Module skippedDueTo="Filter" hash="38-7F-D5-52-6F-41-2C-19-D1-9E-F2-9A-3F-F3-DA-90-66-09-B6-B1">
      <ModulePath>C:\Program Files\dotnet\sdk\2.1.300\NuGet.DependencyResolver.Core.dll</ModulePath>
      <ModuleTime>2018-05-22T15:03:30Z</ModuleTime>
      <ModuleName>NuGet.DependencyResolver.Core</ModuleName>
      <Files />
      <Classes />
    </Module>
    <Module skippedDueTo="Filter" hash="78-5F-43-09-56-00-5D-EE-14-3C-FD-1E-43-95-CE-09-20-8A-AB-90">
      <ModulePath>C:\Program Files\dotnet\sdk\2.1.300\NuGet.Packaging.Core.dll</ModulePath>
      <ModuleTime>2018-05-22T15:03:36Z</ModuleTime>
      <ModuleName>NuGet.Packaging.Core</ModuleName>
      <Files />
      <Classes />
    </Module>
    <Module skippedDueTo="Filter" hash="B2-5D-47-CA-28-5B-B0-0E-FC-29-D9-01-B2-8D-36-88-65-61-54-0E">
      <ModulePath>C:\Program Files\dotnet\sdk\2.1.300\Newtonsoft.Json.dll</ModulePath>
      <ModuleTime>2018-05-22T15:05:00Z</ModuleTime>
      <ModuleName>Newtonsoft.Json</ModuleName>
      <Files />
      <Classes />
    </Module>
    <Module skippedDueTo="Filter" hash="E2-DD-41-07-A9-AC-5B-84-49-B7-E1-85-68-3D-69-DC-84-4B-3D-06">
      <ModulePath>C:\Program Files\dotnet\shared\Microsoft.NETCore.App\2.1.0\System.Dynamic.Runtime.dll</ModulePath>
      <ModuleTime>2018-05-15T13:03:34Z</ModuleTime>
      <ModuleName>System.Dynamic.Runtime</ModuleName>
      <Files />
      <Classes />
    </Module>
    <Module skippedDueTo="Filter" hash="CF-C6-6D-CD-52-19-4F-3F-36-51-5E-56-26-3A-93-A5-02-E2-58-2A">
      <ModulePath>C:\Program Files\dotnet\shared\Microsoft.NETCore.App\2.1.0\System.Linq.Expressions.dll</ModulePath>
      <ModuleTime>2018-05-15T13:03:36Z</ModuleTime>
      <ModuleName>System.Linq.Expressions</ModuleName>
      <Files />
      <Classes />
    </Module>
    <Module skippedDueTo="Filter" hash="B4-5A-77-C2-C0-65-10-A3-89-5F-99-44-14-C7-A5-80-D0-90-02-8E">
      <ModulePath>C:\Program Files\dotnet\sdk\2.1.300\NuGet.LibraryModel.dll</ModulePath>
      <ModuleTime>2018-05-22T15:03:30Z</ModuleTime>
      <ModuleName>NuGet.LibraryModel</ModuleName>
      <Files />
      <Classes />
    </Module>
    <Module skippedDueTo="Filter" hash="0C-56-98-AE-50-0E-32-FC-94-AE-26-B2-60-30-BD-89-B1-8D-D3-D4">
      <ModulePath>C:\Program Files\dotnet\shared\Microsoft.NETCore.App\2.1.0\System.Runtime.Serialization.Primitives.dll</ModulePath>
      <ModuleTime>2018-05-15T13:03:38Z</ModuleTime>
      <ModuleName>System.Runtime.Serialization.Primitives</ModuleName>
      <Files />
      <Classes />
    </Module>
    <Module skippedDueTo="Filter" hash="B2-E7-C6-75-5A-8F-45-0B-CA-A7-A6-86-F2-5E-94-26-D2-45-2F-3F">
      <ModulePath>C:\Program Files\dotnet\shared\Microsoft.NETCore.App\2.1.0\System.Private.CoreLib.dll</ModulePath>
      <ModuleTime>2018-05-15T13:03:40Z</ModuleTime>
      <ModuleName>System.Private.CoreLib</ModuleName>
      <Files />
      <Classes />
    </Module>
    <Module skippedDueTo="Filter" hash="0B-00-63-62-08-97-52-5E-F9-8B-EB-3C-D1-A6-54-CE-C0-73-A7-B0">
      <ModulePath>C:\Program Files\dotnet\sdk\2.1.300\MSBuild.dll</ModulePath>
      <ModuleTime>2018-05-22T15:04:42Z</ModuleTime>
      <ModuleName>MSBuild</ModuleName>
      <Files />
      <Classes />
    </Module>
    <Module skippedDueTo="Filter" hash="9F-39-BF-B3-E6-CA-45-5F-FF-EC-C9-17-D3-19-65-B0-6E-2F-17-4E">
      <ModulePath>C:\Program Files\dotnet\shared\Microsoft.NETCore.App\2.1.0\System.Runtime.dll</ModulePath>
      <ModuleTime>2018-05-15T13:03:38Z</ModuleTime>
      <ModuleName>System.Runtime</ModuleName>
      <Files />
      <Classes />
    </Module>
    <Module skippedDueTo="Filter" hash="8D-7A-CE-FA-10-05-D7-6F-3C-AC-3E-F0-BA-01-AD-CE-0B-22-99-8B">
      <ModulePath>C:\Program Files\dotnet\shared\Microsoft.NETCore.App\2.1.0\System.Runtime.Extensions.dll</ModulePath>
      <ModuleTime>2018-05-15T13:03:38Z</ModuleTime>
      <ModuleName>System.Runtime.Extensions</ModuleName>
      <Files />
      <Classes />
    </Module>
    <Module skippedDueTo="Filter" hash="DC-82-33-86-1B-03-21-60-3C-01-E1-E1-DD-56-79-12-7A-1D-2E-21">
      <ModulePath>C:\Program Files\dotnet\shared\Microsoft.NETCore.App\2.1.0\System.Threading.dll</ModulePath>
      <ModuleTime>2018-05-15T13:03:38Z</ModuleTime>
      <ModuleName>System.Threading</ModuleName>
      <Files />
      <Classes />
    </Module>
    <Module skippedDueTo="Filter" hash="25-50-01-7A-06-31-FD-01-25-66-B3-FF-54-A1-13-10-BF-28-EA-43">
      <ModulePath>C:\Program Files\dotnet\shared\Microsoft.NETCore.App\2.1.0\System.IO.FileSystem.dll</ModulePath>
      <ModuleTime>2018-05-15T13:03:34Z</ModuleTime>
      <ModuleName>System.IO.FileSystem</ModuleName>
      <Files />
      <Classes />
    </Module>
    <Module skippedDueTo="Filter" hash="BD-CE-88-18-22-8A-25-85-EF-42-FE-24-18-B9-4F-9D-F6-47-F0-A9">
      <ModulePath>C:\Program Files\dotnet\shared\Microsoft.NETCore.App\2.1.0\System.Runtime.InteropServices.RuntimeInformation.dll</ModulePath>
      <ModuleTime>2018-05-15T13:03:38Z</ModuleTime>
      <ModuleName>System.Runtime.InteropServices.RuntimeInformation</ModuleName>
      <Files />
      <Classes />
    </Module>
    <Module skippedDueTo="Filter" hash="9F-99-A9-A6-DD-81-FE-32-D3-9F-D2-E3-AD-B9-5F-98-E3-C3-D3-BD">
      <ModulePath>C:\Program Files\dotnet\shared\Microsoft.NETCore.App\2.1.0\System.Linq.dll</ModulePath>
      <ModuleTime>2018-05-15T13:03:36Z</ModuleTime>
      <ModuleName>System.Linq</ModuleName>
      <Files />
      <Classes />
    </Module>
    <Module skippedDueTo="Filter" hash="A7-E9-86-00-CF-78-E5-77-89-9A-59-FD-9F-AE-61-2D-6A-36-CF-91">
      <ModulePath>C:\Program Files\dotnet\shared\Microsoft.NETCore.App\2.1.0\System.Text.RegularExpressions.dll</ModulePath>
      <ModuleTime>2018-05-15T13:03:38Z</ModuleTime>
      <ModuleName>System.Text.RegularExpressions</ModuleName>
      <Files />
      <Classes />
    </Module>
    <Module skippedDueTo="Filter" hash="24-71-BF-19-D6-43-AE-96-67-A7-D6-7A-23-51-8F-EA-D9-BB-9E-0B">
      <ModulePath>C:\Program Files\dotnet\shared\Microsoft.NETCore.App\2.1.0\System.Collections.dll</ModulePath>
      <ModuleTime>2018-05-15T13:03:34Z</ModuleTime>
      <ModuleName>System.Collections</ModuleName>
      <Files />
      <Classes />
    </Module>
    <Module skippedDueTo="Filter" hash="0A-4E-6E-9A-77-64-F6-77-BF-DB-19-83-60-08-67-E6-59-D4-B5-89">
      <ModulePath>C:\Program Files\dotnet\shared\Microsoft.NETCore.App\2.1.0\System.Buffers.dll</ModulePath>
      <ModuleTime>2018-05-15T13:03:34Z</ModuleTime>
      <ModuleName>System.Buffers</ModuleName>
      <Files />
      <Classes />
    </Module>
    <Module skippedDueTo="Filter" hash="99-33-4D-CD-87-78-88-0E-F6-12-EF-CA-31-D9-97-F4-A8-D8-3D-E1">
      <ModulePath>C:\Program Files\dotnet\shared\Microsoft.NETCore.App\2.1.0\System.Memory.dll</ModulePath>
      <ModuleTime>2018-05-15T13:03:36Z</ModuleTime>
      <ModuleName>System.Memory</ModuleName>
      <Files />
      <Classes />
    </Module>
    <Module skippedDueTo="Filter" hash="7C-48-0B-B8-42-17-41-57-6D-4B-89-E5-56-89-D0-D0-8F-11-92-5B">
      <ModulePath>C:\Program Files\dotnet\shared\Microsoft.NETCore.App\2.1.0\System.Runtime.InteropServices.dll</ModulePath>
      <ModuleTime>2018-05-15T13:03:38Z</ModuleTime>
      <ModuleName>System.Runtime.InteropServices</ModuleName>
      <Files />
      <Classes />
    </Module>
    <Module skippedDueTo="Filter" hash="FB-2A-22-7D-6B-48-6C-07-93-20-FE-9E-D2-85-0C-2E-DA-B6-18-C7">
      <ModulePath>C:\Program Files\dotnet\shared\Microsoft.NETCore.App\2.1.0\System.Console.dll</ModulePath>
      <ModuleTime>2018-05-15T13:03:34Z</ModuleTime>
      <ModuleName>System.Console</ModuleName>
      <Files />
      <Classes />
    </Module>
    <Module skippedDueTo="Filter" hash="75-89-4A-9A-A6-FC-DB-A1-DD-35-84-48-C9-3B-21-8A-92-4A-92-5F">
      <ModulePath>C:\Program Files\dotnet\shared\Microsoft.NETCore.App\2.1.0\System.Diagnostics.Process.dll</ModulePath>
      <ModuleTime>2018-05-15T13:03:34Z</ModuleTime>
      <ModuleName>System.Diagnostics.Process</ModuleName>
      <Files />
      <Classes />
    </Module>
    <Module skippedDueTo="Filter" hash="F9-67-FE-2B-96-8A-EC-95-FB-27-2A-27-AA-B3-38-DC-99-35-B9-A1">
      <ModulePath>C:\Program Files\dotnet\shared\Microsoft.NETCore.App\2.1.0\System.ComponentModel.Primitives.dll</ModulePath>
      <ModuleTime>2018-05-15T13:03:34Z</ModuleTime>
      <ModuleName>System.ComponentModel.Primitives</ModuleName>
      <Files />
      <Classes />
    </Module>
    <Module skippedDueTo="Filter" hash="41-4A-9A-A2-E1-F8-6E-7D-B4-28-4D-C5-7A-5F-EF-78-9E-E6-46-F4">
      <ModulePath>C:\Program Files\dotnet\sdk\2.1.300\Microsoft.Build.Framework.dll</ModulePath>
      <ModuleTime>2018-05-22T15:00:08Z</ModuleTime>
      <ModuleName>Microsoft.Build.Framework</ModuleName>
      <Files />
      <Classes />
    </Module>
    <Module skippedDueTo="Filter" hash="CE-9A-28-50-C8-7A-CB-EA-AB-DB-66-61-78-38-6D-69-39-93-C5-40">
      <ModulePath>C:\Program Files\dotnet\shared\Microsoft.NETCore.App\2.1.0\netstandard.dll</ModulePath>
      <ModuleTime>2018-05-15T13:03:40Z</ModuleTime>
      <ModuleName>netstandard</ModuleName>
      <Files />
      <Classes />
    </Module>
    <Module skippedDueTo="Filter" hash="98-42-51-D3-30-C9-87-5D-C1-EF-E3-90-DF-95-44-6C-CA-37-C8-1B">
      <ModulePath>C:\Program Files\dotnet\sdk\2.1.300\Microsoft.Build.dll</ModulePath>
      <ModuleTime>2018-05-22T15:00:20Z</ModuleTime>
      <ModuleName>Microsoft.Build</ModuleName>
      <Files />
      <Classes />
    </Module>
    <Module skippedDueTo="Filter" hash="66-45-6C-B8-6E-33-46-CE-D5-9F-71-FB-DC-B0-1E-2B-68-D1-4A-7D">
      <ModulePath>C:\Program Files\dotnet\sdk\2.1.300\runtimes\win\lib\netcoreapp2.0\System.Text.Encoding.CodePages.dll</ModulePath>
      <ModuleTime>2018-05-22T14:56:18Z</ModuleTime>
      <ModuleName>System.Text.Encoding.CodePages</ModuleName>
      <Files />
      <Classes />
    </Module>
    <Module skippedDueTo="Filter" hash="9E-5F-AD-60-04-57-6F-40-C1-C3-F9-E2-BC-8E-5E-64-5E-61-98-48">
      <ModulePath>C:\Program Files\dotnet\shared\Microsoft.NETCore.App\2.1.0\System.Collections.Concurrent.dll</ModulePath>
      <ModuleTime>2018-05-15T13:03:34Z</ModuleTime>
      <ModuleName>System.Collections.Concurrent</ModuleName>
      <Files />
      <Classes />
    </Module>
    <Module skippedDueTo="Filter" hash="2B-FA-51-67-24-04-EA-9E-F0-4F-31-BC-83-93-95-5A-B6-73-00-98">
      <ModulePath>C:\Program Files\dotnet\sdk\2.1.300\dotnet.dll</ModulePath>
      <ModuleTime>2018-05-22T14:56:18Z</ModuleTime>
      <ModuleName>dotnet</ModuleName>
      <Files />
      <Classes />
    </Module>
    <Module skippedDueTo="Filter" hash="24-55-3A-CA-4E-C6-90-35-58-6E-6F-30-28-3D-A3-E0-18-20-89-47">
      <ModulePath>C:\Program Files\dotnet\sdk\2.1.300\Microsoft.DotNet.Tools.MigrateCommand.dll</ModulePath>
      <ModuleTime>2018-05-22T15:00:08Z</ModuleTime>
      <ModuleName>Microsoft.DotNet.Tools.MigrateCommand</ModuleName>
      <Files />
      <Classes />
    </Module>
    <Module skippedDueTo="Filter" hash="43-AC-B9-A0-7E-21-D1-DB-A8-42-3B-84-83-FD-34-8D-97-77-3A-87">
      <ModulePath>C:\Program Files\dotnet\sdk\2.1.300\Microsoft.DotNet.Configurer.dll</ModulePath>
      <ModuleTime>2018-05-22T15:00:08Z</ModuleTime>
      <ModuleName>Microsoft.DotNet.Configurer</ModuleName>
      <Files />
      <Classes />
    </Module>
    <Module skippedDueTo="Filter" hash="10-D9-5E-5F-C1-30-6D-DC-D5-57-8D-8E-D0-DC-07-D7-C0-91-30-27">
      <ModulePath>C:\Program Files\dotnet\sdk\2.1.300\Microsoft.DotNet.Cli.Utils.dll</ModulePath>
      <ModuleTime>2018-05-22T15:00:08Z</ModuleTime>
      <ModuleName>Microsoft.DotNet.Cli.Utils</ModuleName>
      <Files />
      <Classes />
    </Module>
    <Module skippedDueTo="Filter" hash="D2-56-A4-DE-8B-E4-74-DB-2A-9D-96-42-3C-8E-47-75-8A-85-8F-DA">
      <ModulePath>C:\Program Files\dotnet\sdk\2.1.300\NuGet.Frameworks.dll</ModulePath>
      <ModuleTime>2018-05-22T15:03:40Z</ModuleTime>
      <ModuleName>NuGet.Frameworks</ModuleName>
      <Files />
      <Classes />
    </Module>
    <Module skippedDueTo="Filter" hash="5D-42-85-92-97-CA-1E-FF-47-73-15-41-50-01-36-CD-4A-CD-55-6C">
      <ModulePath>C:\Program Files\dotnet\sdk\2.1.300\Microsoft.DotNet.InternalAbstractions.dll</ModulePath>
      <ModuleTime>2018-05-22T15:00:08Z</ModuleTime>
      <ModuleName>Microsoft.DotNet.InternalAbstractions</ModuleName>
      <Files />
      <Classes />
    </Module>
    <Module skippedDueTo="Filter" hash="3C-1A-D1-7D-BD-42-C9-7D-FE-CD-90-2F-00-88-4C-15-52-1E-4E-0F">
      <ModulePath>C:\Program Files\dotnet\shared\Microsoft.NETCore.App\2.1.0\System.IO.FileSystem.Primitives.dll</ModulePath>
      <ModuleTime>2018-05-15T13:03:34Z</ModuleTime>
      <ModuleName>System.IO.FileSystem.Primitives</ModuleName>
      <Files />
      <Classes />
    </Module>
    <Module skippedDueTo="Filter" hash="4B-C9-61-40-58-3E-0C-63-D9-7B-DD-60-9F-00-0F-85-73-7E-F7-06">
      <ModulePath>C:\Program Files\dotnet\shared\Microsoft.NETCore.App\2.1.0\System.Text.Encoding.Extensions.dll</ModulePath>
      <ModuleTime>2018-05-15T13:03:38Z</ModuleTime>
      <ModuleName>System.Text.Encoding.Extensions</ModuleName>
      <Files />
      <Classes />
    </Module>
    <Module skippedDueTo="Filter" hash="0D-0F-7D-34-CA-A6-65-47-7B-9A-11-AC-9B-85-8D-E3-52-ED-44-21">
      <ModulePath>C:\Program Files\dotnet\sdk\2.1.300\Microsoft.ApplicationInsights.dll</ModulePath>
      <ModuleTime>2018-05-22T15:00:08Z</ModuleTime>
      <ModuleName>Microsoft.ApplicationInsights</ModuleName>
      <Files />
      <Classes />
    </Module>
    <Module skippedDueTo="Filter" hash="25-FE-65-CF-8D-DE-90-81-68-78-51-35-16-D5-62-62-94-42-F1-2D">
      <ModulePath>C:\Program Files\dotnet\sdk\2.1.300\Microsoft.DotNet.PlatformAbstractions.dll</ModulePath>
      <ModuleTime>2018-05-22T15:00:08Z</ModuleTime>
      <ModuleName>Microsoft.DotNet.PlatformAbstractions</ModuleName>
      <Files />
      <Classes />
    </Module>
    <Module skippedDueTo="Filter" hash="99-CC-76-16-41-8D-C7-16-82-C9-39-01-13-46-6B-62-39-B8-7E-32">
      <ModulePath>C:\Program Files\dotnet\shared\Microsoft.NETCore.App\2.1.0\System.Reflection.Extensions.dll</ModulePath>
      <ModuleTime>2018-05-15T13:03:38Z</ModuleTime>
      <ModuleName>System.Reflection.Extensions</ModuleName>
      <Files />
      <Classes />
    </Module>
    <Module skippedDueTo="Filter" hash="1E-3D-7F-D9-96-A2-6B-1F-8A-00-47-08-B1-B4-3D-4B-FC-82-C0-E0">
      <ModulePath>C:\Program Files\dotnet\shared\Microsoft.NETCore.App\2.1.0\System.Reflection.dll</ModulePath>
      <ModuleTime>2018-05-15T13:03:38Z</ModuleTime>
      <ModuleName>System.Reflection</ModuleName>
      <Files />
      <Classes />
    </Module>
    <Module skippedDueTo="Filter" hash="7B-69-F4-1E-A3-58-9E-D6-28-EB-77-F1-9D-13-F7-D8-20-E7-06-CC">
      <ModulePath>C:\Program Files\dotnet\shared\Microsoft.NETCore.App\2.1.0\System.Xml.XDocument.dll</ModulePath>
      <ModuleTime>2018-05-15T13:03:38Z</ModuleTime>
      <ModuleName>System.Xml.XDocument</ModuleName>
      <Files />
      <Classes />
    </Module>
    <Module skippedDueTo="Filter" hash="21-08-D5-0F-67-C7-B3-A5-F0-0B-F9-E9-57-C9-65-4E-BD-60-05-42">
      <ModulePath>C:\Program Files\dotnet\shared\Microsoft.NETCore.App\2.1.0\System.Private.Xml.Linq.dll</ModulePath>
      <ModuleTime>2018-05-15T13:03:36Z</ModuleTime>
      <ModuleName>System.Private.Xml.Linq</ModuleName>
      <Files />
      <Classes />
    </Module>
    <Module skippedDueTo="Filter" hash="59-22-E0-A2-F3-0C-E7-ED-94-CC-53-3D-C8-3A-1A-1E-27-CB-A9-37">
      <ModulePath>C:\Program Files\dotnet\shared\Microsoft.NETCore.App\2.1.0\System.Private.Xml.dll</ModulePath>
      <ModuleTime>2018-05-15T13:03:36Z</ModuleTime>
      <ModuleName>System.Private.Xml</ModuleName>
      <Files />
      <Classes />
    </Module>
    <Module skippedDueTo="Filter" hash="5E-40-03-20-BE-51-A5-B8-5B-25-4F-F1-25-17-FA-A8-F7-D6-1D-75">
      <ModulePath>C:\Program Files\dotnet\shared\Microsoft.NETCore.App\2.1.0\System.Xml.ReaderWriter.dll</ModulePath>
      <ModuleTime>2018-05-15T13:03:38Z</ModuleTime>
      <ModuleName>System.Xml.ReaderWriter</ModuleName>
      <Files />
      <Classes />
    </Module>
    <Module skippedDueTo="Filter" hash="D8-1F-91-FC-FE-F3-18-9C-C0-64-98-06-CA-A4-4A-14-A8-D4-E1-A1">
      <ModulePath>C:\Program Files\dotnet\shared\Microsoft.NETCore.App\2.1.0\System.Diagnostics.Tracing.dll</ModulePath>
      <ModuleTime>2018-05-15T13:03:34Z</ModuleTime>
      <ModuleName>System.Diagnostics.Tracing</ModuleName>
      <Files />
      <Classes />
    </Module>
    <Module skippedDueTo="Filter" hash="9D-16-07-1F-E6-AE-43-F8-08-7D-77-2C-41-30-DA-C0-55-6C-5D-B8">
      <ModulePath>C:\Program Files\dotnet\shared\Microsoft.NETCore.App\2.1.0\System.Private.Uri.dll</ModulePath>
      <ModuleTime>2018-05-15T13:03:36Z</ModuleTime>
      <ModuleName>System.Private.Uri</ModuleName>
      <Files />
      <Classes />
    </Module>
    <Module skippedDueTo="Filter" hash="4F-1F-3B-7B-DB-07-CF-E1-A3-99-93-8D-8C-97-A1-6A-0C-41-8E-E9">
      <ModulePath>C:\Program Files\dotnet\shared\Microsoft.NETCore.App\2.1.0\System.Threading.Tasks.dll</ModulePath>
      <ModuleTime>2018-05-15T13:03:38Z</ModuleTime>
      <ModuleName>System.Threading.Tasks</ModuleName>
      <Files />
      <Classes />
    </Module>
    <Module skippedDueTo="Filter" hash="42-A9-56-1E-D9-D8-E5-61-4B-B5-2A-4C-CA-8E-A6-DE-FB-9F-B4-71">
      <ModulePath>C:\Program Files\dotnet\shared\Microsoft.NETCore.App\2.1.0\System.Globalization.dll</ModulePath>
      <ModuleTime>2018-05-15T13:03:34Z</ModuleTime>
      <ModuleName>System.Globalization</ModuleName>
      <Files />
      <Classes />
    </Module>
    <Module skippedDueTo="Filter" hash="2B-15-19-D9-E6-56-DC-AC-E0-43-94-94-4C-00-47-20-93-31-C3-E5">
      <ModulePath>C:\Program Files\dotnet\shared\Microsoft.NETCore.App\2.1.0\System.Threading.Tasks.Dataflow.dll</ModulePath>
      <ModuleTime>2018-05-15T13:03:38Z</ModuleTime>
      <ModuleName>System.Threading.Tasks.Dataflow</ModuleName>
      <Files />
      <Classes />
    </Module>
    <Module skippedDueTo="Filter" hash="6C-10-44-7E-EF-B7-6F-EF-94-1C-16-FA-4B-F1-3F-1A-2E-B7-36-36">
      <ModulePath>C:\Program Files\dotnet\shared\Microsoft.NETCore.App\2.1.0\System.Security.Cryptography.Algorithms.dll</ModulePath>
      <ModuleTime>2018-05-15T13:03:38Z</ModuleTime>
      <ModuleName>System.Security.Cryptography.Algorithms</ModuleName>
      <Files />
      <Classes />
    </Module>
    <Module skippedDueTo="Filter" hash="96-1F-A5-9A-60-99-81-FC-8E-F0-9A-6E-0B-B0-7C-FD-63-B6-C5-CD">
      <ModulePath>C:\Program Files\dotnet\shared\Microsoft.NETCore.App\2.1.0\System.Security.Cryptography.Primitives.dll</ModulePath>
      <ModuleTime>2018-05-15T13:03:38Z</ModuleTime>
      <ModuleName>System.Security.Cryptography.Primitives</ModuleName>
      <Files />
      <Classes />
    </Module>
    <Module skippedDueTo="Filter" hash="20-B2-59-8F-C7-14-4E-F0-13-BD-7E-A3-10-08-23-76-28-0E-DB-8D">
      <ModulePath>C:\Program Files\dotnet\shared\Microsoft.NETCore.App\2.1.0\Microsoft.Win32.Registry.dll</ModulePath>
      <ModuleTime>2018-05-15T13:03:32Z</ModuleTime>
      <ModuleName>Microsoft.Win32.Registry</ModuleName>
      <Files />
      <Classes />
    </Module>
    <Module skippedDueTo="Filter" hash="B1-14-2E-2B-2D-74-A8-39-95-C9-CD-C4-2D-7C-86-6D-97-7E-30-39">
      <ModulePath>C:\Program Files\dotnet\shared\Microsoft.NETCore.App\2.1.0\System.Resources.ResourceManager.dll</ModulePath>
      <ModuleTime>2018-05-15T13:03:38Z</ModuleTime>
      <ModuleName>System.Resources.ResourceManager</ModuleName>
      <Files />
      <Classes />
    </Module>
    <Module skippedDueTo="Filter" hash="41-ED-E1-98-BB-A2-1A-69-AC-77-E0-4E-8D-36-CF-B1-5A-52-81-B9">
      <ModulePath>C:\Program Files\dotnet\shared\Microsoft.NETCore.App\2.1.0\System.ObjectModel.dll</ModulePath>
      <ModuleTime>2018-05-15T13:03:36Z</ModuleTime>
      <ModuleName>System.ObjectModel</ModuleName>
      <Files />
      <Classes />
    </Module>
    <Module skippedDueTo="Filter" hash="D0-AD-42-F2-E9-D2-D4-94-0D-63-8C-61-4E-52-4F-0D-DA-1A-CD-6F">
      <ModulePath>C:\Program Files\dotnet\shared\Microsoft.NETCore.App\2.1.0\System.Threading.Thread.dll</ModulePath>
      <ModuleTime>2018-05-15T13:03:38Z</ModuleTime>
      <ModuleName>System.Threading.Thread</ModuleName>
      <Files />
      <Classes />
    </Module>
    <Module skippedDueTo="Filter" hash="9A-D5-0C-A3-5D-58-2D-DE-6A-31-89-EE-94-D7-1F-CA-8E-4A-4A-3A">
      <ModulePath>C:\Program Files\dotnet\shared\Microsoft.NETCore.App\2.1.0\System.Diagnostics.TraceSource.dll</ModulePath>
      <ModuleTime>2018-05-15T13:03:34Z</ModuleTime>
      <ModuleName>System.Diagnostics.TraceSource</ModuleName>
      <Files />
      <Classes />
    </Module>
    <Module skippedDueTo="Filter" hash="40-85-75-1E-6D-24-67-1C-AF-4E-3B-D9-80-9C-3F-AB-6D-60-D4-C0">
      <ModulePath>C:\Program Files\dotnet\shared\Microsoft.NETCore.App\2.1.0\System.Runtime.Loader.dll</ModulePath>
      <ModuleTime>2018-05-15T13:03:38Z</ModuleTime>
      <ModuleName>System.Runtime.Loader</ModuleName>
      <Files />
      <Classes />
    </Module>
    <Module skippedDueTo="Filter" hash="72-0A-30-A7-22-EC-F1-8C-49-6B-B1-CA-D6-E7-A8-7F-FE-63-FD-8E">
      <ModulePath>C:\Program Files\dotnet\sdk\2.1.300\SdkResolvers\NuGet.MSBuildSdkResolver\NuGet.MSBuildSdkResolver.dll</ModulePath>
      <ModuleTime>2018-05-22T15:04:32Z</ModuleTime>
      <ModuleName>NuGet.MSBuildSdkResolver</ModuleName>
      <Files />
      <Classes />
    </Module>
    <Module skippedDueTo="Filter" hash="81-A4-25-B6-D3-88-DA-45-70-D0-3A-2D-05-DE-62-CD-FB-83-91-B1">
      <ModulePath>C:\Program Files\dotnet\shared\Microsoft.NETCore.App\2.1.0\System.Diagnostics.FileVersionInfo.dll</ModulePath>
      <ModuleTime>2018-05-15T13:03:34Z</ModuleTime>
      <ModuleName>System.Diagnostics.FileVersionInfo</ModuleName>
      <Files />
      <Classes />
    </Module>
    <Module skippedDueTo="Filter" hash="0B-FA-56-19-85-6A-C4-75-4C-10-0F-DC-F8-D1-5B-9B-CD-DC-C3-F6">
      <ModulePath>C:\Program Files\dotnet\shared\Microsoft.NETCore.App\2.1.0\System.Collections.Immutable.dll</ModulePath>
      <ModuleTime>2018-05-15T13:03:34Z</ModuleTime>
      <ModuleName>System.Collections.Immutable</ModuleName>
      <Files />
      <Classes />
    </Module>
    <Module skippedDueTo="Filter" hash="DC-EE-C1-38-F2-18-91-33-F1-C3-BD-36-22-CF-EB-CB-64-37-AA-32">
      <ModulePath>C:\Program Files\dotnet\shared\Microsoft.NETCore.App\2.1.0\System.Threading.Tasks.Parallel.dll</ModulePath>
      <ModuleTime>2018-05-15T13:03:38Z</ModuleTime>
      <ModuleName>System.Threading.Tasks.Parallel</ModuleName>
      <Files />
      <Classes />
    </Module>
[...]
              <SequencePoints />
              <BranchPoints />
              <MethodPoint vc="0" uspid="195" ordinal="0" offset="0" />
            </Method>
          </Methods>
        </Class>
        <Class>
          <Summary numSequencePoints="0" visitedSequencePoints="0" numBranchPoints="0" visitedBranchPoints="0" sequenceCoverage="0" branchCoverage="0" maxCyclomaticComplexity="1" minCyclomaticComplexity="1" visitedClasses="0" numClasses="0" visitedMethods="0" numMethods="0" />
          <FullName>AspNetCore.Views_Shared__Layout/&lt;&gt;c</FullName>
          <Methods>
            <Method visited="false" cyclomaticComplexity="1" nPathComplexity="0" sequenceCoverage="0" branchCoverage="0" isConstructor="true" isStatic="true" isGetter="false" isSetter="false">
              <Summary numSequencePoints="0" visitedSequencePoints="0" numBranchPoints="0" visitedBranchPoints="0" sequenceCoverage="0" branchCoverage="0" maxCyclomaticComplexity="1" minCyclomaticComplexity="1" visitedClasses="0" numClasses="0" visitedMethods="0" numMethods="0" />
              <MetadataToken>100663360</MetadataToken>
              <Name>System.Void AspNetCore.Views_Shared__Layout/&lt;&gt;c::.cctor()</Name>
              <SequencePoints />
              <BranchPoints />
              <MethodPoint vc="0" uspid="196" ordinal="0" offset="0" />
            </Method>
            <Method visited="false" cyclomaticComplexity="1" nPathComplexity="0" sequenceCoverage="0" branchCoverage="0" isConstructor="true" isStatic="false" isGetter="false" isSetter="false">
              <Summary numSequencePoints="0" visitedSequencePoints="0" numBranchPoints="0" visitedBranchPoints="0" sequenceCoverage="0" branchCoverage="0" maxCyclomaticComplexity="1" minCyclomaticComplexity="1" visitedClasses="0" numClasses="0" visitedMethods="0" numMethods="0" />
              <MetadataToken>100663361</MetadataToken>
              <Name>System.Void AspNetCore.Views_Shared__Layout/&lt;&gt;c::.ctor()</Name>
              <SequencePoints />
              <BranchPoints />
              <MethodPoint vc="0" uspid="197" ordinal="0" offset="0" />
            </Method>
            <Method visited="false" cyclomaticComplexity="1" nPathComplexity="0" sequenceCoverage="0" branchCoverage="0" isConstructor="false" isStatic="false" isGetter="false" isSetter="false">
              <Summary numSequencePoints="0" visitedSequencePoints="0" numBranchPoints="0" visitedBranchPoints="0" sequenceCoverage="0" branchCoverage="0" maxCyclomaticComplexity="1" minCyclomaticComplexity="1" visitedClasses="0" numClasses="0" visitedMethods="0" numMethods="0" />
              <MetadataToken>100663362</MetadataToken>
              <Name>System.Threading.Tasks.Task AspNetCore.Views_Shared__Layout/&lt;&gt;c::&lt;ExecuteAsync&gt;b__13_2()</Name>
              <SequencePoints />
              <BranchPoints />
              <MethodPoint vc="0" uspid="198" ordinal="0" offset="0" />
            </Method>
            <Method visited="false" cyclomaticComplexity="1" nPathComplexity="0" sequenceCoverage="0" branchCoverage="0" isConstructor="false" isStatic="false" isGetter="false" isSetter="false">
              <Summary numSequencePoints="0" visitedSequencePoints="0" numBranchPoints="0" visitedBranchPoints="0" sequenceCoverage="0" branchCoverage="0" maxCyclomaticComplexity="1" minCyclomaticComplexity="1" visitedClasses="0" numClasses="0" visitedMethods="0" numMethods="0" />
              <MetadataToken>100663363</MetadataToken>
              <Name>System.Threading.Tasks.Task AspNetCore.Views_Shared__Layout/&lt;&gt;c::&lt;ExecuteAsync&gt;b__13_3()</Name>
              <SequencePoints />
              <BranchPoints />
              <MethodPoint vc="0" uspid="199" ordinal="0" offset="0" />
            </Method>
          </Methods>
        </Class>
        <Class>
          <Summary numSequencePoints="1" visitedSequencePoints="0" numBranchPoints="3" visitedBranchPoints="0" sequenceCoverage="0" branchCoverage="0" maxCyclomaticComplexity="7" minCyclomaticComplexity="1" visitedClasses="0" numClasses="1" visitedMethods="0" numMethods="1" />
          <FullName>AspNetCore.Views_Shared__Layout/&lt;&lt;ExecuteAsync&gt;b__13_1&gt;d</FullName>
          <Methods>
            <Method visited="false" cyclomaticComplexity="7" nPathComplexity="2" sequenceCoverage="0" branchCoverage="0" isConstructor="false" isStatic="false" isGetter="false" isSetter="false">
              <Summary numSequencePoints="1" visitedSequencePoints="0" numBranchPoints="3" visitedBranchPoints="0" sequenceCoverage="0" branchCoverage="0" maxCyclomaticComplexity="7" minCyclomaticComplexity="7" visitedClasses="0" numClasses="0" visitedMethods="0" numMethods="1" />
              <MetadataToken>100663368</MetadataToken>
              <Name>System.Void AspNetCore.Views_Shared__Layout/&lt;&lt;ExecuteAsync&gt;b__13_1&gt;d::MoveNext()</Name>
              <FileRef uid="33" />
              <SequencePoints>
                <SequencePoint vc="0" uspid="200" ordinal="0" offset="71" sl="10" sc="1" el="10" ec="21" bec="2" bev="0" fileid="33" />
              </SequencePoints>
              <BranchPoints>
                <BranchPoint vc="0" uspid="209" ordinal="8" offset="371" sl="10" path="0" offsetend="373" fileid="33" />
                <BranchPoint vc="0" uspid="210" ordinal="9" offset="371" sl="10" path="1" offsetend="469" fileid="33" />
              </BranchPoints>
              <MethodPoint vc="0" uspid="213" ordinal="0" offset="0" />
            </Method>
            <Method visited="false" cyclomaticComplexity="1" nPathComplexity="0" sequenceCoverage="0" branchCoverage="0" isConstructor="false" isStatic="false" isGetter="false" isSetter="false">
              <Summary numSequencePoints="0" visitedSequencePoints="0" numBranchPoints="0" visitedBranchPoints="0" sequenceCoverage="0" branchCoverage="0" maxCyclomaticComplexity="1" minCyclomaticComplexity="1" visitedClasses="0" numClasses="0" visitedMethods="0" numMethods="0" />
              <MetadataToken>100663369</MetadataToken>
              <Name>System.Void AspNetCore.Views_Shared__Layout/&lt;&lt;ExecuteAsync&gt;b__13_1&gt;d::SetStateMachine(System.Runtime.CompilerServices.IAsyncStateMachine)</Name>
              <SequencePoints />
              <BranchPoints />
              <MethodPoint vc="0" uspid="214" ordinal="0" offset="0" />
            </Method>
          </Methods>
        </Class>
        <Class>
          <Summary numSequencePoints="0" visitedSequencePoints="0" numBranchPoints="0" visitedBranchPoints="0" sequenceCoverage="0" branchCoverage="0" maxCyclomaticComplexity="1" minCyclomaticComplexity="1" visitedClasses="0" numClasses="0" visitedMethods="0" numMethods="0" />
          <FullName>AspNetCore.Views__ViewStart</FullName>
          <Methods>
            <Method visited="false" cyclomaticComplexity="1" nPathComplexity="0" sequenceCoverage="0" branchCoverage="0" isConstructor="false" isStatic="false" isGetter="true" isSetter="false">
              <Summary numSequencePoints="0" visitedSequencePoints="0" numBranchPoints="0" visitedBranchPoints="0" sequenceCoverage="0" branchCoverage="0" maxCyclomaticComplexity="1" minCyclomaticComplexity="1" visitedClasses="0" numClasses="0" visitedMethods="0" numMethods="0" />
              <MetadataToken>100663341</MetadataToken>
              <Name>Microsoft.AspNetCore.Mvc.ViewFeatures.IModelExpressionProvider AspNetCore.Views__ViewStart::get_ModelExpressionProvider()</Name>
              <SequencePoints />
              <BranchPoints />
              <MethodPoint vc="0" uspid="215" ordinal="0" offset="0" />
            </Method>
            <Method visited="false" cyclomaticComplexity="1" nPathComplexity="0" sequenceCoverage="0" branchCoverage="0" isConstructor="false" isStatic="false" isGetter="false" isSetter="true">
              <Summary numSequencePoints="0" visitedSequencePoints="0" numBranchPoints="0" visitedBranchPoints="0" sequenceCoverage="0" branchCoverage="0" maxCyclomaticComplexity="1" minCyclomaticComplexity="1" visitedClasses="0" numClasses="0" visitedMethods="0" numMethods="0" />
              <MetadataToken>100663342</MetadataToken>
              <Name>System.Void AspNetCore.Views__ViewStart::set_ModelExpressionProvider(Microsoft.AspNetCore.Mvc.ViewFeatures.IModelExpressionProvider)</Name>
              <SequencePoints />
              <BranchPoints />
              <MethodPoint vc="0" uspid="216" ordinal="0" offset="0" />
            </Method>
            <Method visited="false" cyclomaticComplexity="1" nPathComplexity="0" sequenceCoverage="0" branchCoverage="0" isConstructor="false" isStatic="false" isGetter="true" isSetter="false">
              <Summary numSequencePoints="0" visitedSequencePoints="0" numBranchPoints="0" visitedBranchPoints="0" sequenceCoverage="0" branchCoverage="0" maxCyclomaticComplexity="1" minCyclomaticComplexity="1" visitedClasses="0" numClasses="0" visitedMethods="0" numMethods="0" />
              <MetadataToken>100663343</MetadataToken>
              <Name>Microsoft.AspNetCore.Mvc.IUrlHelper AspNetCore.Views__ViewStart::get_Url()</Name>
              <SequencePoints />
              <BranchPoints />
              <MethodPoint vc="0" uspid="217" ordinal="0" offset="0" />
            </Method>
            <Method visited="false" cyclomaticComplexity="1" nPathComplexity="0" sequenceCoverage="0" branchCoverage="0" isConstructor="false" isStatic="false" isGetter="false" isSetter="true">
              <Summary numSequencePoints="0" visitedSequencePoints="0" numBranchPoints="0" visitedBranchPoints="0" sequenceCoverage="0" branchCoverage="0" maxCyclomaticComplexity="1" minCyclomaticComplexity="1" visitedClasses="0" numClasses="0" visitedMethods="0" numMethods="0" />
              <MetadataToken>100663344</MetadataToken>
              <Name>System.Void AspNetCore.Views__ViewStart::set_Url(Microsoft.AspNetCore.Mvc.IUrlHelper)</Name>
              <SequencePoints />
              <BranchPoints />
              <MethodPoint vc="0" uspid="218" ordinal="0" offset="0" />
            </Method>
            <Method visited="false" cyclomaticComplexity="1" nPathComplexity="0" sequenceCoverage="0" branchCoverage="0" isConstructor="false" isStatic="false" isGetter="true" isSetter="false">
              <Summary numSequencePoints="0" visitedSequencePoints="0" numBranchPoints="0" visitedBranchPoints="0" sequenceCoverage="0" branchCoverage="0" maxCyclomaticComplexity="1" minCyclomaticComplexity="1" visitedClasses="0" numClasses="0" visitedMethods="0" numMethods="0" />
              <MetadataToken>100663345</MetadataToken>
              <Name>Microsoft.AspNetCore.Mvc.IViewComponentHelper AspNetCore.Views__ViewStart::get_Component()</Name>
              <SequencePoints />
              <BranchPoints />
              <MethodPoint vc="0" uspid="219" ordinal="0" offset="0" />
            </Method>
            <Method visited="false" cyclomaticComplexity="1" nPathComplexity="0" sequenceCoverage="0" branchCoverage="0" isConstructor="false" isStatic="false" isGetter="false" isSetter="true">
              <Summary numSequencePoints="0" visitedSequencePoints="0" numBranchPoints="0" visitedBranchPoints="0" sequenceCoverage="0" branchCoverage="0" maxCyclomaticComplexity="1" minCyclomaticComplexity="1" visitedClasses="0" numClasses="0" visitedMethods="0" numMethods="0" />
              <MetadataToken>100663346</MetadataToken>
              <Name>System.Void AspNetCore.Views__ViewStart::set_Component(Microsoft.AspNetCore.Mvc.IViewComponentHelper)</Name>
              <SequencePoints />
              <BranchPoints />
              <MethodPoint vc="0" uspid="220" ordinal="0" offset="0" />
            </Method>
            <Method visited="false" cyclomaticComplexity="1" nPathComplexity="0" sequenceCoverage="0" branchCoverage="0" isConstructor="false" isStatic="false" isGetter="true" isSetter="false">
              <Summary numSequencePoints="0" visitedSequencePoints="0" numBranchPoints="0" visitedBranchPoints="0" sequenceCoverage="0" branchCoverage="0" maxCyclomaticComplexity="1" minCyclomaticComplexity="1" visitedClasses="0" numClasses="0" visitedMethods="0" numMethods="0" />
              <MetadataToken>100663347</MetadataToken>
              <Name>Microsoft.AspNetCore.Mvc.Rendering.IJsonHelper AspNetCore.Views__ViewStart::get_Json()</Name>
              <SequencePoints />
              <BranchPoints />
              <MethodPoint vc="0" uspid="221" ordinal="0" offset="0" />
            </Method>
            <Method visited="false" cyclomaticComplexity="1" nPathComplexity="0" sequenceCoverage="0" branchCoverage="0" isConstructor="false" isStatic="false" isGetter="false" isSetter="true">
              <Summary numSequencePoints="0" visitedSequencePoints="0" numBranchPoints="0" visitedBranchPoints="0" sequenceCoverage="0" branchCoverage="0" maxCyclomaticComplexity="1" minCyclomaticComplexity="1" visitedClasses="0" numClasses="0" visitedMethods="0" numMethods="0" />
              <MetadataToken>100663348</MetadataToken>
              <Name>System.Void AspNetCore.Views__ViewStart::set_Json(Microsoft.AspNetCore.Mvc.Rendering.IJsonHelper)</Name>
              <SequencePoints />
              <BranchPoints />
              <MethodPoint vc="0" uspid="222" ordinal="0" offset="0" />
            </Method>
            <Method visited="false" cyclomaticComplexity="1" nPathComplexity="0" sequenceCoverage="0" branchCoverage="0" isConstructor="false" isStatic="false" isGetter="true" isSetter="false">
              <Summary numSequencePoints="0" visitedSequencePoints="0" numBranchPoints="0" visitedBranchPoints="0" sequenceCoverage="0" branchCoverage="0" maxCyclomaticComplexity="1" minCyclomaticComplexity="1" visitedClasses="0" numClasses="0" visitedMethods="0" numMethods="0" />
              <MetadataToken>100663349</MetadataToken>
              <Name>Microsoft.AspNetCore.Mvc.Rendering.IHtmlHelper`1&lt;System.Object&gt; AspNetCore.Views__ViewStart::get_Html()</Name>
              <SequencePoints />
              <BranchPoints />
              <MethodPoint vc="0" uspid="223" ordinal="0" offset="0" />
            </Method>
            <Method visited="false" cyclomaticComplexity="1" nPathComplexity="0" sequenceCoverage="0" branchCoverage="0" isConstructor="false" isStatic="false" isGetter="false" isSetter="true">
              <Summary numSequencePoints="0" visitedSequencePoints="0" numBranchPoints="0" visitedBranchPoints="0" sequenceCoverage="0" branchCoverage="0" maxCyclomaticComplexity="1" minCyclomaticComplexity="1" visitedClasses="0" numClasses="0" visitedMethods="0" numMethods="0" />
              <MetadataToken>100663350</MetadataToken>
              <Name>System.Void AspNetCore.Views__ViewStart::set_Html(Microsoft.AspNetCore.Mvc.Rendering.IHtmlHelper`1&lt;System.Object&gt;)</Name>
              <SequencePoints />
              <BranchPoints />
              <MethodPoint vc="0" uspid="224" ordinal="0" offset="0" />
            </Method>
            <Method visited="false" cyclomaticComplexity="1" nPathComplexity="0" sequenceCoverage="0" branchCoverage="0" isConstructor="false" isStatic="false" isGetter="false" isSetter="false">
              <Summary numSequencePoints="0" visitedSequencePoints="0" numBranchPoints="0" visitedBranchPoints="0" sequenceCoverage="0" branchCoverage="0" maxCyclomaticComplexity="1" minCyclomaticComplexity="1" visitedClasses="0" numClasses="0" visitedMethods="0" numMethods="0" />
              <MetadataToken>100663340</MetadataToken>
              <Name>System.Threading.Tasks.Task AspNetCore.Views__ViewStart::ExecuteAsync()</Name>
              <SequencePoints />
              <BranchPoints />
              <MethodPoint vc="0" uspid="225" ordinal="0" offset="0" />
            </Method>
            <Method visited="false" cyclomaticComplexity="1" nPathComplexity="0" sequenceCoverage="0" branchCoverage="0" isConstructor="true" isStatic="false" isGetter="false" isSetter="false">
              <Summary numSequencePoints="0" visitedSequencePoints="0" numBranchPoints="0" visitedBranchPoints="0" sequenceCoverage="0" branchCoverage="0" maxCyclomaticComplexity="1" minCyclomaticComplexity="1" visitedClasses="0" numClasses="0" visitedMethods="0" numMethods="0" />
              <MetadataToken>100663351</MetadataToken>
              <Name>System.Void AspNetCore.Views__ViewStart::.ctor()</Name>
              <SequencePoints />
              <BranchPoints />
              <MethodPoint vc="0" uspid="226" ordinal="0" offset="0" />
            </Method>
          </Methods>
        </Class>
        <Class>
          <Summary numSequencePoints="1" visitedSequencePoints="0" numBranchPoints="1" visitedBranchPoints="0" sequenceCoverage="0" branchCoverage="0" maxCyclomaticComplexity="1" minCyclomaticComplexity="1" visitedClasses="0" numClasses="1" visitedMethods="0" numMethods="1" />
          <FullName>AspNetCore.Views__ViewStart/&lt;ExecuteAsync&gt;d__0</FullName>
          <Methods>
            <Method visited="false" cyclomaticComplexity="1" nPathComplexity="0" sequenceCoverage="0" branchCoverage="0" isConstructor="false" isStatic="false" isGetter="false" isSetter="false">
              <Summary numSequencePoints="1" visitedSequencePoints="0" numBranchPoints="1" visitedBranchPoints="0" sequenceCoverage="0" branchCoverage="0" maxCyclomaticComplexity="1" minCyclomaticComplexity="1" visitedClasses="0" numClasses="0" visitedMethods="0" numMethods="1" />
              <MetadataToken>100663370</MetadataToken>
              <Name>System.Void AspNetCore.Views__ViewStart/&lt;ExecuteAsync&gt;d__0::MoveNext()</Name>
              <FileRef uid="34" />
              <SequencePoints>
                <SequencePoint vc="0" uspid="227" ordinal="0" offset="14" sl="2" sc="5" el="2" ec="46" bec="0" bev="0" fileid="34" />
              </SequencePoints>
              <BranchPoints />
              <MethodPoint vc="0" uspid="228" ordinal="0" offset="0" />
            </Method>
            <Method visited="false" cyclomaticComplexity="1" nPathComplexity="0" sequenceCoverage="0" branchCoverage="0" isConstructor="false" isStatic="false" isGetter="false" isSetter="false">
              <Summary numSequencePoints="0" visitedSequencePoints="0" numBranchPoints="0" visitedBranchPoints="0" sequenceCoverage="0" branchCoverage="0" maxCyclomaticComplexity="1" minCyclomaticComplexity="1" visitedClasses="0" numClasses="0" visitedMethods="0" numMethods="0" />
              <MetadataToken>100663371</MetadataToken>
              <Name>System.Void AspNetCore.Views__ViewStart/&lt;ExecuteAsync&gt;d__0::SetStateMachine(System.Runtime.CompilerServices.IAsyncStateMachine)</Name>
              <SequencePoints />
              <BranchPoints />
              <MethodPoint vc="0" uspid="229" ordinal="0" offset="0" />
            </Method>
          </Methods>
        </Class>
      </Classes>
    </Module>
    <Module skippedDueTo="Filter" hash="6F-08-22-57-F4-B0-60-DB-BB-40-C7-8B-E4-D0-95-74-3F-5E-5C-41">
      <ModulePath>C:\Users\Magano\Documents\Projects\graphql\StarWarsGraphQLNetCore\StarWarsGraphQLNetCore.Tests.Unit\bin\Release\netcoreapp2.1\xunit.runner.reporters.netcoreapp10.dll</ModulePath>
      <ModuleTime>2017-10-27T04:35:08Z</ModuleTime>
      <ModuleName>xunit.runner.reporters.netcoreapp10</ModuleName>
      <Files />
      <Classes />
    </Module>
    <Module skippedDueTo="Filter" hash="">
      <ModulePath>RefEmit_InMemoryManifestModule</ModulePath>
      <ModuleTime>0001-01-01T00:00:00</ModuleTime>
      <ModuleName>DynamicProxyGenAssembly2</ModuleName>
      <Files />
      <Classes />
    </Module>
    <Module skippedDueTo="Filter" hash="">
      <ModulePath>RefEmit_InMemoryManifestModule</ModulePath>
      <ModuleTime>0001-01-01T00:00:00</ModuleTime>
      <ModuleName>DynamicProxyGenAssembly2</ModuleName>
      <Files />
      <Classes />
    </Module>
  </Modules>
</CoverageSession>